#
# There is insufficient memory for the Java Runtime Environment to continue.
# Native memory allocation (malloc) failed to allocate 1496656 bytes for Chunk::new
# Possible reasons:
#   The system is out of physical RAM or swap space
#   The process is running with CompressedOops enabled, and the Java Heap may be blocking the growth of the native heap
# Possible solutions:
#   Reduce memory load on the system
#   Increase physical memory or swap space
#   Check if swap backing store is full
#   Decrease Java heap size (-Xmx/-Xms)
#   Decrease number of Java threads
#   Decrease Java thread stack sizes (-Xss)
#   Set larger code cache with -XX:ReservedCodeCacheSize=
#   JVM is running with Unscaled Compressed Oops mode in which the Java heap is
#     placed in the first 4GB address space. The Java Heap base address is the
#     maximum limit for the native heap growth. Please use -XX:HeapBaseMinAddress
#     to set the Java Heap base and to place the Java Heap above 4GB virtual address.
# This output file may be truncated or incomplete.
#
#  Out of Memory Error (src/hotspot/share/memory/arena.cpp:197), pid=14032, tid=20404
#
# JRE version: OpenJDK Runtime Environment (11.0.15) (build 11.0.15+0-b2043.56-9505619)
# Java VM: OpenJDK 64-Bit Server VM (11.0.15+0-b2043.56-9505619, mixed mode, tiered, compressed oops, g1 gc, windows-amd64)
# No core dump will be written. Minidumps are not enabled by default on client versions of Windows
#

---------------  S U M M A R Y ------------

Command Line: --add-opens=java.base/java.util=ALL-UNNAMED --add-opens=java.base/java.lang=ALL-UNNAMED --add-opens=java.base/java.lang.invoke=ALL-UNNAMED --add-opens=java.base/java.util=ALL-UNNAMED --add-opens=java.prefs/java.util.prefs=ALL-UNNAMED --add-opens=java.prefs/java.util.prefs=ALL-UNNAMED --add-opens=java.base/java.nio.charset=ALL-UNNAMED --add-opens=java.base/java.net=ALL-UNNAMED --add-opens=java.base/java.util.concurrent.atomic=ALL-UNNAMED -Xmx2048m -Dfile.encoding=UTF-8 -Duser.country=IN -Duser.language=en -Duser.variant org.gradle.launcher.daemon.bootstrap.GradleDaemon 7.3.3

Host: Intel(R) Core(TM) i5-8265U CPU @ 1.60GHz, 8 cores, 3G,  Windows 11 , 64 bit Build 22621 (10.0.22621.1485)
Time: Tue May 16 14:09:40 2023 India Standard Time elapsed time: 4.855645 seconds (0d 0h 0m 4s)

---------------  T H R E A D  ---------------

Current thread (0x000002999f753000):  JavaThread "C2 CompilerThread0" daemon [_thread_in_native, id=20404, stack(0x000000c9ef700000,0x000000c9ef800000)]


Current CompileTask:
C2:   4855 2154       4       java.net.URLClassLoader$1::run (5 bytes)

Stack: [0x000000c9ef700000,0x000000c9ef800000]
Native frames: (J=compiled Java code, j=interpreted, Vv=VM code, C=native code)
V  [jvm.dll+0x64135a]
V  [jvm.dll+0x7d39f9]
V  [jvm.dll+0x7d51b9]
V  [jvm.dll+0x7d58a3]
V  [jvm.dll+0x2691c5]
V  [jvm.dll+0xc1a5c]
V  [jvm.dll+0xc200c]
V  [jvm.dll+0x377462]
V  [jvm.dll+0x1b3914]
V  [jvm.dll+0x22163e]
V  [jvm.dll+0x220498]
V  [jvm.dll+0x19e851]
V  [jvm.dll+0x230479]
V  [jvm.dll+0x22e5ef]
V  [jvm.dll+0x794de1]
V  [jvm.dll+0x78dc24]
V  [jvm.dll+0x6400f6]
C  [ucrtbase.dll+0x29363]
C  [KERNEL32.DLL+0x1269d]
C  [ntdll.dll+0x5a9f8]


---------------  P R O C E S S  ---------------

Threads class SMR info:
_java_thread_list=0x00000299a29f0130, length=34, elements={
0x00000299852af800, 0x000002999f734800, 0x000002999f735000, 0x00000299a00d2800,
0x000002999f74d000, 0x000002999f750000, 0x000002999f753000, 0x000002999f755000,
0x000002999f756800, 0x00000299a0208800, 0x00000299a19ea800, 0x00000299a2142800,
0x00000299a15cd800, 0x00000299a1931800, 0x00000299a199e800, 0x00000299a20a8000,
0x00000299a14fe800, 0x00000299a199f800, 0x00000299a1866800, 0x00000299a1a44800,
0x00000299a23f0800, 0x00000299a23f7000, 0x00000299a23f1000, 0x00000299a23f4800,
0x00000299a23f5000, 0x00000299a23f6000, 0x00000299a23f2000, 0x00000299a23f3000,
0x00000299a23f3800, 0x00000299a4737800, 0x00000299a4738800, 0x00000299a4737000,
0x00000299a4739000, 0x00000299a473a000
}

Java Threads: ( => current thread )
  0x00000299852af800 JavaThread "main" [_thread_blocked, id=21124, stack(0x000000c9eeb00000,0x000000c9eec00000)]
  0x000002999f734800 JavaThread "Reference Handler" daemon [_thread_blocked, id=22292, stack(0x000000c9ef200000,0x000000c9ef300000)]
  0x000002999f735000 JavaThread "Finalizer" daemon [_thread_blocked, id=6256, stack(0x000000c9ef300000,0x000000c9ef400000)]
  0x00000299a00d2800 JavaThread "Signal Dispatcher" daemon [_thread_blocked, id=10124, stack(0x000000c9ef400000,0x000000c9ef500000)]
  0x000002999f74d000 JavaThread "Attach Listener" daemon [_thread_blocked, id=17316, stack(0x000000c9ef500000,0x000000c9ef600000)]
  0x000002999f750000 JavaThread "Service Thread" daemon [_thread_blocked, id=19780, stack(0x000000c9ef600000,0x000000c9ef700000)]
=>0x000002999f753000 JavaThread "C2 CompilerThread0" daemon [_thread_in_native, id=20404, stack(0x000000c9ef700000,0x000000c9ef800000)]
  0x000002999f755000 JavaThread "C1 CompilerThread0" daemon [_thread_blocked, id=19380, stack(0x000000c9ef800000,0x000000c9ef900000)]
  0x000002999f756800 JavaThread "Sweeper thread" daemon [_thread_blocked, id=4912, stack(0x000000c9ef900000,0x000000c9efa00000)]
  0x00000299a0208800 JavaThread "Common-Cleaner" daemon [_thread_blocked, id=10680, stack(0x000000c9efa00000,0x000000c9efb00000)]
  0x00000299a19ea800 JavaThread "Daemon health stats" [_thread_blocked, id=19128, stack(0x000000c9efd00000,0x000000c9efe00000)]
  0x00000299a2142800 JavaThread "Incoming local TCP Connector on port 5222" [_thread_in_native, id=12124, stack(0x000000c9f0000000,0x000000c9f0100000)]
  0x00000299a15cd800 JavaThread "Daemon periodic checks" [_thread_blocked, id=11400, stack(0x000000c9f0100000,0x000000c9f0200000)]
  0x00000299a1931800 JavaThread "Daemon" [_thread_blocked, id=8408, stack(0x000000c9f0200000,0x000000c9f0300000)]
  0x00000299a199e800 JavaThread "Handler for socket connection from /127.0.0.1:5222 to /127.0.0.1:5223" [_thread_in_native, id=13640, stack(0x000000c9f0300000,0x000000c9f0400000)]
  0x00000299a20a8000 JavaThread "Cancel handler" [_thread_blocked, id=4180, stack(0x000000c9f0400000,0x000000c9f0500000)]
  0x00000299a14fe800 JavaThread "Daemon worker" [_thread_blocked, id=14648, stack(0x000000c9f0500000,0x000000c9f0600000)]
  0x00000299a199f800 JavaThread "Asynchronous log dispatcher for DefaultDaemonConnection: socket connection from /127.0.0.1:5222 to /127.0.0.1:5223" [_thread_blocked, id=5292, stack(0x000000c9f0600000,0x000000c9f0700000)]
  0x00000299a1866800 JavaThread "Stdin handler" [_thread_blocked, id=20760, stack(0x000000c9f0700000,0x000000c9f0800000)]
  0x00000299a1a44800 JavaThread "Daemon client event forwarder" [_thread_blocked, id=17800, stack(0x000000c9f0800000,0x000000c9f0900000)]
  0x00000299a23f0800 JavaThread "Cache worker for journal cache (C:\Users\DeLL\.gradle\caches\journal-1)" [_thread_blocked, id=4432, stack(0x000000c9f0d00000,0x000000c9f0e00000)]
  0x00000299a23f7000 JavaThread "File lock request listener" [_thread_in_native, id=17968, stack(0x000000c9f0e00000,0x000000c9f0f00000)]
  0x00000299a23f1000 JavaThread "Cache worker for file hash cache (C:\Users\DeLL\.gradle\caches\7.3.3\fileHashes)" [_thread_blocked, id=18992, stack(0x000000c9f1000000,0x000000c9f1100000)]
  0x00000299a23f4800 JavaThread "Cache worker for file hash cache (C:\Questioner-main\.gradle\7.3.3\fileHashes)" [_thread_blocked, id=11084, stack(0x000000c9f1100000,0x000000c9f1200000)]
  0x00000299a23f5000 JavaThread "File watcher server" daemon [_thread_in_native, id=15820, stack(0x000000c9f1200000,0x000000c9f1300000)]
  0x00000299a23f6000 JavaThread "File watcher consumer" daemon [_thread_blocked, id=19820, stack(0x000000c9f1300000,0x000000c9f1400000)]
  0x00000299a23f2000 JavaThread "jar transforms" [_thread_in_native, id=10756, stack(0x000000c9f1400000,0x000000c9f1500000)]
  0x00000299a23f3000 JavaThread "jar transforms Thread 2" [_thread_in_native, id=17480, stack(0x000000c9f1500000,0x000000c9f1600000)]
  0x00000299a23f3800 JavaThread "jar transforms Thread 3" [_thread_in_native, id=7896, stack(0x000000c9f1600000,0x000000c9f1700000)]
  0x00000299a4737800 JavaThread "jar transforms Thread 4" [_thread_in_native, id=14508, stack(0x000000c9f1700000,0x000000c9f1800000)]
  0x00000299a4738800 JavaThread "jar transforms Thread 5" [_thread_in_native, id=17200, stack(0x000000c9f1800000,0x000000c9f1900000)]
  0x00000299a4737000 JavaThread "jar transforms Thread 6" [_thread_in_native, id=16228, stack(0x000000c9f1900000,0x000000c9f1a00000)]
  0x00000299a4739000 JavaThread "jar transforms Thread 7" [_thread_in_native, id=6088, stack(0x000000c9f1a00000,0x000000c9f1b00000)]
  0x00000299a473a000 JavaThread "jar transforms Thread 8" [_thread_in_native, id=21656, stack(0x000000c9f1b00000,0x000000c9f1c00000)]

Other Threads:
  0x000002999f730800 VMThread "VM Thread" [stack: 0x000000c9ef100000,0x000000c9ef200000] [id=3064]
  0x00000299a0211800 WatcherThread [stack: 0x000000c9efb00000,0x000000c9efc00000] [id=7764]
  0x00000299852ca000 GCTaskThread "GC Thread#0" [stack: 0x000000c9eec00000,0x000000c9eed00000] [id=4140]
  0x00000299a0af6000 GCTaskThread "GC Thread#1" [stack: 0x000000c9efc00000,0x000000c9efd00000] [id=21224]
  0x00000299a1672800 GCTaskThread "GC Thread#2" [stack: 0x000000c9efe00000,0x000000c9eff00000] [id=12460]
  0x00000299a1638000 GCTaskThread "GC Thread#3" [stack: 0x000000c9eff00000,0x000000c9f0000000] [id=17612]
  0x00000299a20a3000 GCTaskThread "GC Thread#4" [stack: 0x000000c9f0900000,0x000000c9f0a00000] [id=14968]
  0x00000299a184a800 GCTaskThread "GC Thread#5" [stack: 0x000000c9f0a00000,0x000000c9f0b00000] [id=3664]
  0x00000299a239c800 GCTaskThread "GC Thread#6" [stack: 0x000000c9f0b00000,0x000000c9f0c00000] [id=19860]
  0x00000299a21c0800 GCTaskThread "GC Thread#7" [stack: 0x000000c9f0c00000,0x000000c9f0d00000] [id=3952]
  0x00000299852fc000 ConcurrentGCThread "G1 Main Marker" [stack: 0x000000c9eed00000,0x000000c9eee00000] [id=13848]
  0x00000299852fd000 ConcurrentGCThread "G1 Conc#0" [stack: 0x000000c9eee00000,0x000000c9eef00000] [id=22456]
  0x00000299a2279000 ConcurrentGCThread "G1 Conc#1" [stack: 0x000000c9f0f00000,0x000000c9f1000000] [id=20260]
  0x0000029985369000 ConcurrentGCThread "G1 Refine#0" [stack: 0x000000c9eef00000,0x000000c9ef000000] [id=7340]
  0x000002998536a000 ConcurrentGCThread "G1 Young RemSet Sampling" [stack: 0x000000c9ef000000,0x000000c9ef100000] [id=16272]

Threads with active compile tasks:
C2 CompilerThread0     5451 2154       4       java.net.URLClassLoader$1::run (5 bytes)

VM state:not at safepoint (normal execution)

VM Mutex/Monitor currently owned by a thread: None

Heap address: 0x0000000080000000, size: 2048 MB, Compressed Oops mode: 32-bit
Narrow klass base: 0x0000000000000000, Narrow klass shift: 3
Compressed class space size: 1073741824 Address: 0x0000000100000000

Heap:
 garbage-first heap   total 78848K, used 24067K [0x0000000080000000, 0x0000000100000000)
  region size 1024K, 8 young (8192K), 3 survivors (3072K)
 Metaspace       used 27357K, capacity 28022K, committed 28160K, reserved 1073152K
  class space    used 3538K, capacity 3793K, committed 3840K, reserved 1048576K
Heap Regions: E=young(eden), S=young(survivor), O=old, HS=humongous(starts), HC=humongous(continues), CS=collection set, F=free, A=archive, TAMS=top-at-mark-start (previous, next)
|   0|0x0000000080000000, 0x0000000080100000, 0x0000000080100000|100%| O|  |TAMS 0x0000000080100000, 0x0000000080000000| Untracked 
|   1|0x0000000080100000, 0x0000000080200000, 0x0000000080200000|100%| O|  |TAMS 0x0000000080200000, 0x0000000080100000| Untracked 
|   2|0x0000000080200000, 0x0000000080300000, 0x0000000080300000|100%| O|  |TAMS 0x0000000080300000, 0x0000000080200000| Untracked 
|   3|0x0000000080300000, 0x0000000080400000, 0x0000000080400000|100%|HS|  |TAMS 0x0000000080400000, 0x0000000080300000| Complete 
|   4|0x0000000080400000, 0x0000000080500000, 0x0000000080500000|100%|HC|  |TAMS 0x0000000080500000, 0x0000000080400000| Complete 
|   5|0x0000000080500000, 0x0000000080600000, 0x0000000080600000|100%|HC|  |TAMS 0x0000000080600000, 0x0000000080500000| Complete 
|   6|0x0000000080600000, 0x0000000080700000, 0x0000000080700000|100%| O|  |TAMS 0x0000000080700000, 0x0000000080600000| Untracked 
|   7|0x0000000080700000, 0x0000000080800000, 0x0000000080800000|100%| O|  |TAMS 0x0000000080800000, 0x0000000080700000| Untracked 
|   8|0x0000000080800000, 0x0000000080900000, 0x0000000080900000|100%| O|  |TAMS 0x0000000080900000, 0x0000000080800000| Untracked 
|   9|0x0000000080900000, 0x0000000080a00000, 0x0000000080a00000|100%| O|  |TAMS 0x0000000080a00000, 0x0000000080900000| Untracked 
|  10|0x0000000080a00000, 0x0000000080b00000, 0x0000000080b00000|100%| O|  |TAMS 0x0000000080b00000, 0x0000000080a00000| Untracked 
|  11|0x0000000080b00000, 0x0000000080c00000, 0x0000000080c00000|100%| O|  |TAMS 0x0000000080c00000, 0x0000000080b00000| Untracked 
|  12|0x0000000080c00000, 0x0000000080d00000, 0x0000000080d00000|100%| O|  |TAMS 0x0000000080d00000, 0x0000000080c00000| Untracked 
|  13|0x0000000080d00000, 0x0000000080e00000, 0x0000000080e00000|100%| O|  |TAMS 0x0000000080e00000, 0x0000000080d00000| Untracked 
|  14|0x0000000080e00000, 0x0000000080f00000, 0x0000000080f00000|100%| O|  |TAMS 0x0000000080f00000, 0x0000000080e00000| Untracked 
|  15|0x0000000080f00000, 0x0000000081000000, 0x0000000081000000|100%| O|  |TAMS 0x0000000080f5fe00, 0x0000000080f00000| Untracked 
|  16|0x0000000081000000, 0x00000000810b9600, 0x0000000081100000| 72%| O|  |TAMS 0x0000000081000000, 0x0000000081000000| Untracked 
|  17|0x0000000081100000, 0x0000000081100000, 0x0000000081200000|  0%| F|  |TAMS 0x0000000081100000, 0x0000000081100000| Untracked 
|  18|0x0000000081200000, 0x0000000081200000, 0x0000000081300000|  0%| F|  |TAMS 0x0000000081200000, 0x0000000081200000| Untracked 
|  19|0x0000000081300000, 0x0000000081300000, 0x0000000081400000|  0%| F|  |TAMS 0x0000000081300000, 0x0000000081300000| Untracked 
|  20|0x0000000081400000, 0x0000000081400000, 0x0000000081500000|  0%| F|  |TAMS 0x0000000081400000, 0x0000000081400000| Untracked 
|  21|0x0000000081500000, 0x0000000081500000, 0x0000000081600000|  0%| F|  |TAMS 0x0000000081500000, 0x0000000081500000| Untracked 
|  22|0x0000000081600000, 0x0000000081600000, 0x0000000081700000|  0%| F|  |TAMS 0x0000000081600000, 0x0000000081600000| Untracked 
|  23|0x0000000081700000, 0x0000000081700000, 0x0000000081800000|  0%| F|  |TAMS 0x0000000081700000, 0x0000000081700000| Untracked 
|  24|0x0000000081800000, 0x0000000081800000, 0x0000000081900000|  0%| F|  |TAMS 0x0000000081800000, 0x0000000081800000| Untracked 
|  25|0x0000000081900000, 0x0000000081900000, 0x0000000081a00000|  0%| F|  |TAMS 0x0000000081900000, 0x0000000081900000| Untracked 
|  26|0x0000000081a00000, 0x0000000081a00000, 0x0000000081b00000|  0%| F|  |TAMS 0x0000000081a00000, 0x0000000081a00000| Untracked 
|  27|0x0000000081b00000, 0x0000000081b00000, 0x0000000081c00000|  0%| F|  |TAMS 0x0000000081b00000, 0x0000000081b00000| Untracked 
|  28|0x0000000081c00000, 0x0000000081c00000, 0x0000000081d00000|  0%| F|  |TAMS 0x0000000081c00000, 0x0000000081c00000| Untracked 
|  29|0x0000000081d00000, 0x0000000081d00000, 0x0000000081e00000|  0%| F|  |TAMS 0x0000000081d00000, 0x0000000081d00000| Untracked 
|  30|0x0000000081e00000, 0x0000000081e00000, 0x0000000081f00000|  0%| F|  |TAMS 0x0000000081e00000, 0x0000000081e00000| Untracked 
|  31|0x0000000081f00000, 0x0000000081f00000, 0x0000000082000000|  0%| F|  |TAMS 0x0000000081f00000, 0x0000000081f00000| Untracked 
|  32|0x0000000082000000, 0x0000000082000000, 0x0000000082100000|  0%| F|  |TAMS 0x0000000082000000, 0x0000000082000000| Untracked 
|  33|0x0000000082100000, 0x0000000082100000, 0x0000000082200000|  0%| F|  |TAMS 0x0000000082100000, 0x0000000082100000| Untracked 
|  34|0x0000000082200000, 0x0000000082200000, 0x0000000082300000|  0%| F|  |TAMS 0x0000000082200000, 0x0000000082200000| Untracked 
|  35|0x0000000082300000, 0x0000000082300000, 0x0000000082400000|  0%| F|  |TAMS 0x0000000082300000, 0x0000000082300000| Untracked 
|  36|0x0000000082400000, 0x0000000082400000, 0x0000000082500000|  0%| F|  |TAMS 0x0000000082400000, 0x0000000082400000| Untracked 
|  37|0x0000000082500000, 0x0000000082500000, 0x0000000082600000|  0%| F|  |TAMS 0x0000000082500000, 0x0000000082500000| Untracked 
|  38|0x0000000082600000, 0x0000000082600000, 0x0000000082700000|  0%| F|  |TAMS 0x0000000082600000, 0x0000000082600000| Untracked 
|  39|0x0000000082700000, 0x0000000082700000, 0x0000000082800000|  0%| F|  |TAMS 0x0000000082700000, 0x0000000082700000| Untracked 
|  40|0x0000000082800000, 0x0000000082800000, 0x0000000082900000|  0%| F|  |TAMS 0x0000000082800000, 0x0000000082800000| Untracked 
|  41|0x0000000082900000, 0x0000000082900000, 0x0000000082a00000|  0%| F|  |TAMS 0x0000000082900000, 0x0000000082900000| Untracked 
|  42|0x0000000082a00000, 0x0000000082a00000, 0x0000000082b00000|  0%| F|  |TAMS 0x0000000082a00000, 0x0000000082a00000| Untracked 
|  43|0x0000000082b00000, 0x0000000082b00000, 0x0000000082c00000|  0%| F|  |TAMS 0x0000000082b00000, 0x0000000082b00000| Untracked 
|  44|0x0000000082c00000, 0x0000000082c00000, 0x0000000082d00000|  0%| F|  |TAMS 0x0000000082c00000, 0x0000000082c00000| Untracked 
|  45|0x0000000082d00000, 0x0000000082dc7730, 0x0000000082e00000| 77%| S|CS|TAMS 0x0000000082d00000, 0x0000000082d00000| Complete 
|  46|0x0000000082e00000, 0x0000000082f00000, 0x0000000082f00000|100%| S|CS|TAMS 0x0000000082e00000, 0x0000000082e00000| Complete 
|  47|0x0000000082f00000, 0x0000000083000000, 0x0000000083000000|100%| S|CS|TAMS 0x0000000082f00000, 0x0000000082f00000| Complete 
|  48|0x0000000083000000, 0x0000000083000000, 0x0000000083100000|  0%| F|  |TAMS 0x0000000083000000, 0x0000000083000000| Untracked 
|  49|0x0000000083100000, 0x0000000083100000, 0x0000000083200000|  0%| F|  |TAMS 0x0000000083100000, 0x0000000083100000| Untracked 
|  50|0x0000000083200000, 0x0000000083200000, 0x0000000083300000|  0%| F|  |TAMS 0x0000000083200000, 0x0000000083200000| Untracked 
|  51|0x0000000083300000, 0x0000000083300000, 0x0000000083400000|  0%| F|  |TAMS 0x0000000083300000, 0x0000000083300000| Untracked 
|  52|0x0000000083400000, 0x0000000083400000, 0x0000000083500000|  0%| F|  |TAMS 0x0000000083400000, 0x0000000083400000| Untracked 
|  53|0x0000000083500000, 0x0000000083500000, 0x0000000083600000|  0%| F|  |TAMS 0x0000000083500000, 0x0000000083500000| Untracked 
|  54|0x0000000083600000, 0x0000000083600000, 0x0000000083700000|  0%| F|  |TAMS 0x0000000083600000, 0x0000000083600000| Untracked 
|  55|0x0000000083700000, 0x0000000083700000, 0x0000000083800000|  0%| F|  |TAMS 0x0000000083700000, 0x0000000083700000| Untracked 
|  56|0x0000000083800000, 0x0000000083800000, 0x0000000083900000|  0%| F|  |TAMS 0x0000000083800000, 0x0000000083800000| Untracked 
|  57|0x0000000083900000, 0x0000000083900000, 0x0000000083a00000|  0%| F|  |TAMS 0x0000000083900000, 0x0000000083900000| Untracked 
|  58|0x0000000083a00000, 0x0000000083a00000, 0x0000000083b00000|  0%| F|  |TAMS 0x0000000083a00000, 0x0000000083a00000| Untracked 
|  59|0x0000000083b00000, 0x0000000083b00000, 0x0000000083c00000|  0%| F|  |TAMS 0x0000000083b00000, 0x0000000083b00000| Untracked 
|  60|0x0000000083c00000, 0x0000000083c00000, 0x0000000083d00000|  0%| F|  |TAMS 0x0000000083c00000, 0x0000000083c00000| Untracked 
|  61|0x0000000083d00000, 0x0000000083d00000, 0x0000000083e00000|  0%| F|  |TAMS 0x0000000083d00000, 0x0000000083d00000| Untracked 
|  62|0x0000000083e00000, 0x0000000083e00000, 0x0000000083f00000|  0%| F|  |TAMS 0x0000000083e00000, 0x0000000083e00000| Untracked 
|  63|0x0000000083f00000, 0x0000000083f00000, 0x0000000084000000|  0%| F|  |TAMS 0x0000000083f00000, 0x0000000083f00000| Untracked 
|  64|0x0000000084000000, 0x0000000084000000, 0x0000000084100000|  0%| F|  |TAMS 0x0000000084000000, 0x0000000084000000| Untracked 
|  65|0x0000000084100000, 0x0000000084100000, 0x0000000084200000|  0%| F|  |TAMS 0x0000000084100000, 0x0000000084100000| Untracked 
|  66|0x0000000084200000, 0x0000000084200000, 0x0000000084300000|  0%| F|  |TAMS 0x0000000084200000, 0x0000000084200000| Untracked 
|  67|0x0000000084300000, 0x0000000084300000, 0x0000000084400000|  0%| F|  |TAMS 0x0000000084300000, 0x0000000084300000| Untracked 
|  68|0x0000000084400000, 0x0000000084400000, 0x0000000084500000|  0%| F|  |TAMS 0x0000000084400000, 0x0000000084400000| Untracked 
|  69|0x0000000084500000, 0x0000000084500000, 0x0000000084600000|  0%| F|  |TAMS 0x0000000084500000, 0x0000000084500000| Untracked 
|  70|0x0000000084600000, 0x0000000084600000, 0x0000000084700000|  0%| F|  |TAMS 0x0000000084600000, 0x0000000084600000| Untracked 
|  71|0x0000000084700000, 0x0000000084700000, 0x0000000084800000|  0%| F|  |TAMS 0x0000000084700000, 0x0000000084700000| Untracked 
|  72|0x0000000084800000, 0x00000000848e5698, 0x0000000084900000| 89%| E|  |TAMS 0x0000000084800000, 0x0000000084800000| Complete 
|  73|0x0000000084900000, 0x0000000084a00000, 0x0000000084a00000|100%| E|CS|TAMS 0x0000000084900000, 0x0000000084900000| Complete 
|  74|0x0000000084a00000, 0x0000000084b00000, 0x0000000084b00000|100%| E|CS|TAMS 0x0000000084a00000, 0x0000000084a00000| Complete 
|  75|0x0000000084b00000, 0x0000000084c00000, 0x0000000084c00000|100%| E|CS|TAMS 0x0000000084b00000, 0x0000000084b00000| Complete 
|  76|0x0000000084c00000, 0x0000000084d00000, 0x0000000084d00000|100%| E|CS|TAMS 0x0000000084c00000, 0x0000000084c00000| Complete 

Card table byte_map: [0x0000029998500000,0x0000029998900000] _byte_map_base: 0x0000029998100000

Marking Bits (Prev, Next): (CMBitMap*) 0x00000299852f34b0, (CMBitMap*) 0x00000299852f3478
 Prev Bits: [0x000002999ad00000, 0x000002999cd00000)
 Next Bits: [0x0000029998d00000, 0x000002999ad00000)

Polling page: 0x0000029984a80000

Metaspace:

Usage:
  Non-class:     23.66 MB capacity,    23.26 MB ( 98%) used,   351.42 KB (  1%) free+waste,    58.75 KB ( <1%) overhead. 
      Class:      3.70 MB capacity,     3.46 MB ( 93%) used,   225.05 KB (  6%) free+waste,    29.62 KB ( <1%) overhead. 
       Both:     27.37 MB capacity,    26.72 MB ( 98%) used,   576.47 KB (  2%) free+waste,    88.38 KB ( <1%) overhead. 

Virtual space:
  Non-class space:       24.00 MB reserved,      23.75 MB ( 99%) committed 
      Class space:        1.00 GB reserved,       3.75 MB ( <1%) committed 
             Both:        1.02 GB reserved,      27.50 MB (  3%) committed 

Chunk freelists:
   Non-Class:  27.00 KB
       Class:  15.00 KB
        Both:  42.00 KB

MaxMetaspaceSize: 17179869184.00 GB
CompressedClassSpaceSize: 1.00 GB
Initial GC threshold: 20.80 MB
Current GC threshold: 35.00 MB
CDS: off

CodeHeap 'non-profiled nmethods': size=120000Kb used=960Kb max_used=960Kb free=119039Kb
 bounds [0x00000299908a0000, 0x0000029990b10000, 0x0000029997dd0000]
CodeHeap 'profiled nmethods': size=120000Kb used=5049Kb max_used=5049Kb free=114951Kb
 bounds [0x0000029989370000, 0x0000029989860000, 0x00000299908a0000]
CodeHeap 'non-nmethods': size=5760Kb used=1228Kb max_used=1259Kb free=4531Kb
 bounds [0x0000029988dd0000, 0x0000029989040000, 0x0000029989370000]
 total_blobs=2844 nmethods=2339 adapters=417
 compilation: enabled
              stopped_count=0, restarted_count=0
 full_count=0

Compilation events (20 events):
Event: 4.801 Thread 0x000002999f755000 2342       3       org.gradle.internal.snapshot.PathUtil::compareCharsIgnoringCase (46 bytes)
Event: 4.801 Thread 0x000002999f755000 nmethod 2342 0x000002998984b810 code [0x000002998984ba00, 0x000002998984bf28]
Event: 4.802 Thread 0x000002999f755000 2343       3       java.util.Optional::of (9 bytes)
Event: 4.802 Thread 0x000002999f755000 nmethod 2343 0x000002998984c010 code [0x000002998984c200, 0x000002998984c5a8]
Event: 4.802 Thread 0x000002999f755000 2344       3       java.util.Optional::<init> (13 bytes)
Event: 4.802 Thread 0x000002999f755000 nmethod 2344 0x000002998984c710 code [0x000002998984c8e0, 0x000002998984cbe8]
Event: 4.804 Thread 0x000002999f755000 2345       3       java.io.WinNTFileSystem::resolve (275 bytes)
Event: 4.811 Thread 0x000002999f755000 nmethod 2345 0x000002998984cd10 code [0x000002998984d240, 0x000002998984fef8]
Event: 4.818 Thread 0x000002999f755000 2346       3       java.util.concurrent.ConcurrentLinkedQueue::poll (84 bytes)
Event: 4.824 Thread 0x000002999f755000 nmethod 2346 0x0000029989851110 code [0x0000029989851760, 0x0000029989854ba8]
Event: 4.824 Thread 0x000002999f755000 2347       3       java.util.concurrent.ConcurrentLinkedQueue::updateHead (26 bytes)
Event: 4.827 Thread 0x000002999f755000 nmethod 2347 0x0000029989855a90 code [0x0000029989855e00, 0x0000029989857268]
Event: 4.827 Thread 0x000002999f755000 2348       3       jdk.internal.misc.Unsafe::ensureClassInitialized (18 bytes)
Event: 4.827 Thread 0x000002999f755000 nmethod 2348 0x0000029989857890 code [0x0000029989857a60, 0x0000029989857c78]
Event: 4.832 Thread 0x000002999f755000 2349       3       java.io.DataInputStream::readInt (72 bytes)
Event: 4.832 Thread 0x000002999f755000 nmethod 2349 0x0000029989857d90 code [0x0000029989857fa0, 0x0000029989858508]
Event: 4.832 Thread 0x000002999f755000 2350       3       org.gradle.cache.internal.btree.FreeListBlockStore$FreeListEntry::<init> (7 bytes)
Event: 4.832 Thread 0x000002999f755000 nmethod 2350 0x0000029989858710 code [0x00000299898588c0, 0x0000029989858ad8]
Event: 4.832 Thread 0x000002999f755000 2351       3       org.gradle.cache.internal.btree.FreeListBlockStore$FreeListEntry::<init> (15 bytes)
Event: 4.832 Thread 0x000002999f755000 nmethod 2351 0x0000029989858c10 code [0x0000029989858dc0, 0x0000029989858f78]

GC Heap History (14 events):
Event: 1.023 GC heap before
{Heap before GC invocations=0 (full 0):
 garbage-first heap   total 65536K, used 30720K [0x0000000080000000, 0x0000000100000000)
  region size 1024K, 24 young (24576K), 0 survivors (0K)
 Metaspace       used 10219K, capacity 10495K, committed 10624K, reserved 1058816K
  class space    used 1053K, capacity 1141K, committed 1152K, reserved 1048576K
}
Event: 1.030 GC heap after
{Heap after GC invocations=1 (full 0):
 garbage-first heap   total 65536K, used 9712K [0x0000000080000000, 0x0000000100000000)
  region size 1024K, 3 young (3072K), 3 survivors (3072K)
 Metaspace       used 10219K, capacity 10495K, committed 10624K, reserved 1058816K
  class space    used 1053K, capacity 1141K, committed 1152K, reserved 1048576K
}
Event: 1.404 GC heap before
{Heap before GC invocations=1 (full 0):
 garbage-first heap   total 65536K, used 34288K [0x0000000080000000, 0x0000000100000000)
  region size 1024K, 28 young (28672K), 3 survivors (3072K)
 Metaspace       used 11221K, capacity 11450K, committed 11520K, reserved 1058816K
  class space    used 1154K, capacity 1246K, committed 1280K, reserved 1048576K
}
Event: 1.409 GC heap after
{Heap after GC invocations=2 (full 0):
 garbage-first heap   total 65536K, used 11371K [0x0000000080000000, 0x0000000100000000)
  region size 1024K, 2 young (2048K), 2 survivors (2048K)
 Metaspace       used 11221K, capacity 11450K, committed 11520K, reserved 1058816K
  class space    used 1154K, capacity 1246K, committed 1280K, reserved 1048576K
}
Event: 2.193 GC heap before
{Heap before GC invocations=2 (full 0):
 garbage-first heap   total 65536K, used 36971K [0x0000000080000000, 0x0000000100000000)
  region size 1024K, 27 young (27648K), 2 survivors (2048K)
 Metaspace       used 14303K, capacity 14595K, committed 14848K, reserved 1062912K
  class space    used 1601K, capacity 1720K, committed 1792K, reserved 1048576K
}
Event: 2.200 GC heap after
{Heap after GC invocations=3 (full 0):
 garbage-first heap   total 65536K, used 16014K [0x0000000080000000, 0x0000000100000000)
  region size 1024K, 4 young (4096K), 4 survivors (4096K)
 Metaspace       used 14303K, capacity 14595K, committed 14848K, reserved 1062912K
  class space    used 1601K, capacity 1720K, committed 1792K, reserved 1048576K
}
Event: 3.617 GC heap before
{Heap before GC invocations=3 (full 0):
 garbage-first heap   total 65536K, used 40590K [0x0000000080000000, 0x0000000100000000)
  region size 1024K, 28 young (28672K), 4 survivors (4096K)
 Metaspace       used 19188K, capacity 19610K, committed 19840K, reserved 1067008K
  class space    used 2285K, capacity 2426K, committed 2432K, reserved 1048576K
}
Event: 3.622 GC heap after
{Heap after GC invocations=4 (full 0):
 garbage-first heap   total 65536K, used 17289K [0x0000000080000000, 0x0000000100000000)
  region size 1024K, 2 young (2048K), 2 survivors (2048K)
 Metaspace       used 19188K, capacity 19610K, committed 19840K, reserved 1067008K
  class space    used 2285K, capacity 2426K, committed 2432K, reserved 1048576K
}
Event: 3.855 GC heap before
{Heap before GC invocations=4 (full 0):
 garbage-first heap   total 65536K, used 32649K [0x0000000080000000, 0x0000000100000000)
  region size 1024K, 18 young (18432K), 2 survivors (2048K)
 Metaspace       used 20717K, capacity 21126K, committed 21248K, reserved 1067008K
  class space    used 2516K, capacity 2697K, committed 2816K, reserved 1048576K
}
Event: 3.862 GC heap after
{Heap after GC invocations=5 (full 0):
 garbage-first heap   total 65536K, used 17788K [0x0000000080000000, 0x0000000100000000)
  region size 1024K, 2 young (2048K), 2 survivors (2048K)
 Metaspace       used 20717K, capacity 21126K, committed 21248K, reserved 1067008K
  class space    used 2516K, capacity 2697K, committed 2816K, reserved 1048576K
}
Event: 4.229 GC heap before
{Heap before GC invocations=6 (full 0):
 garbage-first heap   total 65536K, used 42364K [0x0000000080000000, 0x0000000100000000)
  region size 1024K, 26 young (26624K), 2 survivors (2048K)
 Metaspace       used 23194K, capacity 23709K, committed 23936K, reserved 1071104K
  class space    used 2909K, capacity 3117K, committed 3200K, reserved 1048576K
}
Event: 4.234 GC heap after
{Heap after GC invocations=7 (full 0):
 garbage-first heap   total 78848K, used 18535K [0x0000000080000000, 0x0000000100000000)
  region size 1024K, 3 young (3072K), 3 survivors (3072K)
 Metaspace       used 23194K, capacity 23709K, committed 23936K, reserved 1071104K
  class space    used 2909K, capacity 3117K, committed 3200K, reserved 1048576K
}
Event: 4.699 GC heap before
{Heap before GC invocations=7 (full 0):
 garbage-first heap   total 78848K, used 48231K [0x0000000080000000, 0x0000000100000000)
  region size 1024K, 32 young (32768K), 3 survivors (3072K)
 Metaspace       used 26770K, capacity 27356K, committed 27520K, reserved 1073152K
  class space    used 3442K, capacity 3677K, committed 3712K, reserved 1048576K
}
Event: 4.705 GC heap after
{Heap after GC invocations=8 (full 0):
 garbage-first heap   total 78848K, used 19971K [0x0000000080000000, 0x0000000100000000)
  region size 1024K, 3 young (3072K), 3 survivors (3072K)
 Metaspace       used 26770K, capacity 27356K, committed 27520K, reserved 1073152K
  class space    used 3442K, capacity 3677K, committed 3712K, reserved 1048576K
}

Deoptimization events (20 events):
Event: 4.042 Thread 0x00000299a14fe800 Uncommon trap: trap_request=0xffffffcc fr.pc=0x000002999096bcf8 relative=0x00000000000002b8
Event: 4.042 Thread 0x00000299a14fe800 Uncommon trap: reason=intrinsic_or_type_checked_inlining action=make_not_entrant pc=0x000002999096bcf8 method=java.util.Arrays.copyOf([Ljava/lang/Object;ILjava/lang/Class;)[Ljava/lang/Object; @ 35 c2
Event: 4.042 Thread 0x00000299a14fe800 DEOPT PACKING pc=0x000002999096bcf8 sp=0x000000c9f05fb9e0
Event: 4.042 Thread 0x00000299a14fe800 DEOPT UNPACKING pc=0x0000029988e1a1af sp=0x000000c9f05fb970 mode 2
Event: 4.297 Thread 0x00000299a14fe800 DEOPT PACKING pc=0x000002998965f360 sp=0x000000c9f05f96a0
Event: 4.297 Thread 0x00000299a14fe800 DEOPT UNPACKING pc=0x0000029988e1a95e sp=0x000000c9f05f8c08 mode 0
Event: 4.303 Thread 0x00000299a14fe800 Uncommon trap: trap_request=0xffffff4d fr.pc=0x00000299909386e8 relative=0x0000000000000228
Event: 4.303 Thread 0x00000299a14fe800 Uncommon trap: reason=unstable_if action=reinterpret pc=0x00000299909386e8 method=java.util.concurrent.ConcurrentHashMap.get(Ljava/lang/Object;)Ljava/lang/Object; @ 76 c2
Event: 4.303 Thread 0x00000299a14fe800 DEOPT PACKING pc=0x00000299909386e8 sp=0x000000c9f05f9820
Event: 4.303 Thread 0x00000299a14fe800 DEOPT UNPACKING pc=0x0000029988e1a1af sp=0x000000c9f05f9788 mode 2
Event: 4.562 Thread 0x00000299a14fe800 DEOPT PACKING pc=0x000002998942b94c sp=0x000000c9f05f5c50
Event: 4.562 Thread 0x00000299a14fe800 DEOPT UNPACKING pc=0x0000029988e1a95e sp=0x000000c9f05f51f0 mode 0
Event: 4.718 Thread 0x00000299a14fe800 Uncommon trap: trap_request=0xffffff4d fr.pc=0x00000299908f05a8 relative=0x00000000000001e8
Event: 4.718 Thread 0x00000299a14fe800 Uncommon trap: reason=unstable_if action=reinterpret pc=0x00000299908f05a8 method=java.net.URI.match(CJJ)Z @ 19 c2
Event: 4.718 Thread 0x00000299a14fe800 DEOPT PACKING pc=0x00000299908f05a8 sp=0x000000c9f05fbb40
Event: 4.718 Thread 0x00000299a14fe800 DEOPT UNPACKING pc=0x0000029988e1a1af sp=0x000000c9f05fba40 mode 2
Event: 4.718 Thread 0x00000299a14fe800 Uncommon trap: trap_request=0xffffff4d fr.pc=0x00000299908c35e8 relative=0x0000000000000048
Event: 4.718 Thread 0x00000299a14fe800 Uncommon trap: reason=unstable_if action=reinterpret pc=0x00000299908c35e8 method=java.net.URI.match(CJJ)Z @ 19 c2
Event: 4.718 Thread 0x00000299a14fe800 DEOPT PACKING pc=0x00000299908c35e8 sp=0x000000c9f05fba80
Event: 4.718 Thread 0x00000299a14fe800 DEOPT UNPACKING pc=0x0000029988e1a1af sp=0x000000c9f05fba30 mode 2

Classes redefined (0 events):
No events

Internal exceptions (20 events):
Event: 3.789 Thread 0x00000299a14fe800 Exception <a 'java/lang/NoSuchMethodError'{0x0000000083391758}: 'java.lang.Object java.lang.invoke.DirectMethodHandle$Holder.invokeSpecial(java.lang.Object, java.lang.Object, java.lang.Object, java.lang.Object, int)'> (0x0000000083391758) thrown at [src/hotspot/share/interpreter/linkResolver.cpp, line 773]
Event: 3.789 Thread 0x00000299a14fe800 Exception <a 'java/lang/NoSuchMethodError'{0x00000000833af290}: 'java.lang.Object java.lang.invoke.Invokers$Holder.linkToTargetMethod(java.lang.Object, java.lang.Object, int, java.lang.Object)'> (0x00000000833af290) thrown at [src/hotspot/share/interpreter/linkResolver.cpp, line 773]
Event: 3.963 Thread 0x00000299a14fe800 Exception <a 'java/lang/NoSuchMethodError'{0x0000000083c89ac0}: 'int java.lang.invoke.DirectMethodHandle$Holder.invokeSpecialIFC(java.lang.Object, java.lang.Object, java.lang.Object, java.lang.Object)'> (0x0000000083c89ac0) thrown at [src/hotspot/share/interpreter/linkResolver.cpp, line 773]
Event: 3.966 Thread 0x00000299a14fe800 Exception <a 'java/lang/NoSuchMethodError'{0x0000000083c97a78}: 'java.lang.Object java.lang.invoke.DirectMethodHandle$Holder.invokeInterface(java.lang.Object, java.lang.Object, java.lang.Object)'> (0x0000000083c97a78) thrown at [src/hotspot/share/interpreter/linkResolver.cpp, line 773]
Event: 3.966 Thread 0x00000299a14fe800 Exception <a 'java/lang/IncompatibleClassChangeError'{0x0000000083c9af50}: Found class java.lang.Object, but interface was expected> (0x0000000083c9af50) thrown at [src/hotspot/share/interpreter/linkResolver.cpp, line 839]
Event: 4.129 Thread 0x00000299a14fe800 Exception <a 'java/lang/NoSuchMethodError'{0x00000000831eb1d0}: 'java.lang.Object java.lang.invoke.DirectMethodHandle$Holder.invokeSpecial(java.lang.Object, java.lang.Object, java.lang.Object, java.lang.Object, java.lang.Object, java.lang.Object, java.lang.Object, java.lang.Object, java.lang.Object)'> (0x00000000831eb1d0) thrown at [src/hotspot/share/interpreter/linkResolver.cpp, line 773]
Event: 4.236 Thread 0x00000299a14fe800 Exception <a 'java/lang/NoSuchMethodError'{0x0000000084c22f98}: 'java.lang.Object java.lang.invoke.DirectMethodHandle$Holder.invokeVirtual(java.lang.Object, java.lang.Object, java.lang.Object, java.lang.Object)'> (0x0000000084c22f98) thrown at [src/hotspot/share/interpreter/linkResolver.cpp, line 773]
Event: 4.334 Thread 0x00000299a14fe800 Exception <a 'java/lang/NoSuchMethodError'{0x00000000846dc040}: 'void java.lang.invoke.DirectMethodHandle$Holder.invokeSpecial(java.lang.Object, java.lang.Object, java.lang.Object, java.lang.Object, java.lang.Object, java.lang.Object)'> (0x00000000846dc040) thrown at [src/hotspot/share/interpreter/linkResolver.cpp, line 773]
Event: 4.348 Thread 0x00000299a14fe800 Exception <a 'java/lang/NoSuchMethodError'{0x000000008454ad80}: 'void java.lang.invoke.DirectMethodHandle$Holder.invokeSpecial(java.lang.Object, java.lang.Object, java.lang.Object, java.lang.Object, java.lang.Object, java.lang.Object, java.lang.Object)'> (0x000000008454ad80) thrown at [src/hotspot/share/interpreter/linkResolver.cpp, line 773]
Event: 4.348 Thread 0x00000299a14fe800 Exception <a 'java/lang/NoSuchMethodError'{0x0000000084553270}: 'java.lang.Object java.lang.invoke.Invokers$Holder.linkToTargetMethod(java.lang.Object, java.lang.Object, java.lang.Object, java.lang.Object, java.lang.Object, java.lang.Object)'> (0x0000000084553270) thrown at [src/hotspot/share/interpreter/linkResolver.cpp, line 773]
Event: 4.467 Thread 0x00000299a14fe800 Exception <a 'java/lang/NoSuchMethodError'{0x0000000083c88808}: 'int java.lang.invoke.DirectMethodHandle$Holder.invokeStaticInit(java.lang.Object, java.lang.Object, java.lang.Object)'> (0x0000000083c88808) thrown at [src/hotspot/share/interpreter/linkResolver.cpp, line 773]
Event: 4.549 Thread 0x00000299a14fe800 Exception <a 'java/lang/NoSuchMethodError'{0x00000000837ad660}: 'void java.lang.invoke.DirectMethodHandle$Holder.invokeStaticInit(java.lang.Object, java.lang.Object)'> (0x00000000837ad660) thrown at [src/hotspot/share/interpreter/linkResolver.cpp, line 773]
Event: 4.651 Thread 0x00000299a14fe800 Exception <a 'java/lang/NoSuchMethodError'{0x0000000083127618}: 'void java.lang.invoke.DirectMethodHandle$Holder.invokeStatic(java.lang.Object, java.lang.Object, java.lang.Object, java.lang.Object)'> (0x0000000083127618) thrown at [src/hotspot/share/interpreter/linkResolver.cpp, line 773]
Event: 4.665 Thread 0x00000299a14fe800 Exception <a 'java/lang/NoSuchMethodError'{0x0000000083156d78}: 'java.lang.Object java.lang.invoke.DirectMethodHandle$Holder.invokeVirtual(java.lang.Object, java.lang.Object, java.lang.Object)'> (0x0000000083156d78) thrown at [src/hotspot/share/interpreter/linkResolver.cpp, line 773]
Event: 4.669 Thread 0x00000299a14fe800 Exception <a 'java/lang/NoSuchMethodError'{0x000000008319cf70}: 'int java.lang.invoke.DirectMethodHandle$Holder.invokeVirtual(java.lang.Object, java.lang.Object)'> (0x000000008319cf70) thrown at [src/hotspot/share/interpreter/linkResolver.cpp, line 773]
Event: 4.677 Thread 0x00000299a14fe800 Exception <a 'java/lang/NoSuchMethodError'{0x00000000831d7080}: 'int java.lang.invoke.DirectMethodHandle$Holder.invokeVirtual(java.lang.Object, java.lang.Object, java.lang.Object)'> (0x00000000831d7080) thrown at [src/hotspot/share/interpreter/linkResolver.cpp, line 773]
Event: 4.728 Thread 0x00000299a23f1000 Exception <a 'java/lang/NoSuchMethodError'{0x0000000084b0d3c0}: 'void java.lang.invoke.DirectMethodHandle$Holder.invokeSpecial(java.lang.Object, java.lang.Object)'> (0x0000000084b0d3c0) thrown at [src/hotspot/share/interpreter/linkResolver.cpp, line 773]
Event: 4.757 Thread 0x00000299a14fe800 Exception <a 'java/lang/NoSuchMethodError'{0x0000000084a07710}: 'void java.lang.invoke.DirectMethodHandle$Holder.invokeSpecial(java.lang.Object, java.lang.Object, java.lang.Object, java.lang.Object, java.lang.Object)'> (0x0000000084a07710) thrown at [src/hotspot/share/interpreter/linkResolver.cpp, line 773]
Event: 4.766 Thread 0x00000299a14fe800 Exception <a 'java/lang/NoSuchMethodError'{0x0000000084a68500}: 'java.lang.Object java.lang.invoke.DirectMethodHandle$Holder.invokeStatic(java.lang.Object, java.lang.Object, int, java.lang.Object)'> (0x0000000084a68500) thrown at [src/hotspot/share/interpreter/linkResolver.cpp, line 773]
Event: 4.767 Thread 0x00000299a14fe800 Exception <a 'java/lang/NoSuchMethodError'{0x0000000084a723f8}: 'java.lang.Object java.lang.invoke.Invokers$Holder.linkToTargetMethod(java.lang.Object, int, java.lang.Object, java.lang.Object)'> (0x0000000084a723f8) thrown at [src/hotspot/share/interpreter/linkResolver.cpp, line 773]

Events (20 events):
Event: 4.802 Thread 0x00000299a23f2000 Thread added: 0x00000299a23f2000
Event: 4.802 Thread 0x00000299a23f3000 Thread added: 0x00000299a23f3000
Event: 4.802 Thread 0x00000299a23f3800 Thread added: 0x00000299a23f3800
Event: 4.803 Thread 0x00000299a4737800 Thread added: 0x00000299a4737800
Event: 4.803 Thread 0x00000299a4738800 Thread added: 0x00000299a4738800
Event: 4.803 Thread 0x00000299a4737000 Thread added: 0x00000299a4737000
Event: 4.803 Thread 0x00000299a4739000 Thread added: 0x00000299a4739000
Event: 4.803 Thread 0x00000299a473a000 Thread added: 0x00000299a473a000
Event: 4.812 loading class java/nio/channels/FileChannel$MapMode
Event: 4.812 loading class java/nio/channels/FileChannel$MapMode done
Event: 4.812 loading class sun/nio/ch/FileChannelImpl$Unmapper
Event: 4.813 loading class sun/nio/ch/FileChannelImpl$Unmapper done
Event: 4.813 loading class sun/nio/ch/Util$4
Event: 4.813 loading class sun/nio/ch/Util$4 done
Event: 4.818 loading class sun/nio/fs/WindowsPath$1
Event: 4.818 loading class sun/nio/fs/WindowsPath$1 done
Event: 4.818 loading class org/gradle/cache/internal/AsyncCacheAccessDecoratedCache
Event: 4.818 loading class org/gradle/cache/internal/AsyncCacheAccessDecoratedCache done
Event: 4.831 loading class org/gradle/cache/internal/btree/FreeListBlockStore$FreeListEntry
Event: 4.831 loading class org/gradle/cache/internal/btree/FreeListBlockStore$FreeListEntry done


Dynamic libraries:
0x00007ff74b2c0000 - 0x00007ff74b2ca000 	C:\Program Files\Android\Android Studio5\jbr\bin\java.exe
0x00007ffe5b7f0000 - 0x00007ffe5ba04000 	C:\WINDOWS\SYSTEM32\ntdll.dll
0x00007ffe5ace0000 - 0x00007ffe5ada2000 	C:\WINDOWS\System32\KERNEL32.DLL
0x00007ffe58f30000 - 0x00007ffe592cc000 	C:\WINDOWS\System32\KERNELBASE.dll
0x00007ffe59440000 - 0x00007ffe59551000 	C:\WINDOWS\System32\ucrtbase.dll
0x00007ffe54110000 - 0x00007ffe54127000 	C:\Program Files\Android\Android Studio5\jbr\bin\jli.dll
0x00007ffe531f0000 - 0x00007ffe5320b000 	C:\Program Files\Android\Android Studio5\jbr\bin\VCRUNTIME140.dll
0x00007ffe5b4b0000 - 0x00007ffe5b65b000 	C:\WINDOWS\System32\USER32.dll
0x00007ffe58e10000 - 0x00007ffe58e36000 	C:\WINDOWS\System32\win32u.dll
0x00007ffe5aee0000 - 0x00007ffe5af09000 	C:\WINDOWS\System32\GDI32.dll
0x00007ffe58cf0000 - 0x00007ffe58e03000 	C:\WINDOWS\System32\gdi32full.dll
0x00007ffe59560000 - 0x00007ffe595fa000 	C:\WINDOWS\System32\msvcp_win.dll
0x00007ffe37470000 - 0x00007ffe376fe000 	C:\WINDOWS\WinSxS\amd64_microsoft.windows.common-controls_6595b64144ccf1df_6.0.22621.608_none_a9444ca7c10bb01d\COMCTL32.dll
0x00007ffe5a140000 - 0x00007ffe5a1e7000 	C:\WINDOWS\System32\msvcrt.dll
0x00007ffe5b420000 - 0x00007ffe5b451000 	C:\WINDOWS\System32\IMM32.DLL
0x00007ffe54060000 - 0x00007ffe5406c000 	C:\Program Files\Android\Android Studio5\jbr\bin\vcruntime140_1.dll
0x00007ffe433b0000 - 0x00007ffe4343d000 	C:\Program Files\Android\Android Studio5\jbr\bin\msvcp140.dll
0x00007ffe0d0f0000 - 0x00007ffe0dcac000 	C:\Program Files\Android\Android Studio5\jbr\bin\server\jvm.dll
0x00007ffe5ac20000 - 0x00007ffe5acce000 	C:\WINDOWS\System32\ADVAPI32.dll
0x00007ffe5adb0000 - 0x00007ffe5ae54000 	C:\WINDOWS\System32\sechost.dll
0x00007ffe5b300000 - 0x00007ffe5b417000 	C:\WINDOWS\System32\RPCRT4.dll
0x00007ffe5b170000 - 0x00007ffe5b178000 	C:\WINDOWS\System32\PSAPI.DLL
0x00007ffe51210000 - 0x00007ffe51244000 	C:\WINDOWS\SYSTEM32\WINMM.dll
0x00007ffe50770000 - 0x00007ffe5077a000 	C:\WINDOWS\SYSTEM32\VERSION.dll
0x00007ffe52e20000 - 0x00007ffe52e29000 	C:\WINDOWS\SYSTEM32\WSOCK32.dll
0x00007ffe5b180000 - 0x00007ffe5b1f1000 	C:\WINDOWS\System32\WS2_32.dll
0x00007ffe57c80000 - 0x00007ffe57c98000 	C:\WINDOWS\SYSTEM32\kernel.appcore.dll
0x00007ffe52e10000 - 0x00007ffe52e20000 	C:\Program Files\Android\Android Studio5\jbr\bin\verify.dll
0x00007ffe51ab0000 - 0x00007ffe51cde000 	C:\WINDOWS\SYSTEM32\DBGHELP.DLL
0x00007ffe5a3b0000 - 0x00007ffe5a739000 	C:\WINDOWS\System32\combase.dll
0x00007ffe5b660000 - 0x00007ffe5b737000 	C:\WINDOWS\System32\OLEAUT32.dll
0x00007ffe3cf30000 - 0x00007ffe3cf62000 	C:\WINDOWS\SYSTEM32\dbgcore.DLL
0x00007ffe58e40000 - 0x00007ffe58ebb000 	C:\WINDOWS\System32\bcryptPrimitives.dll
0x00007ffe514e0000 - 0x00007ffe51508000 	C:\Program Files\Android\Android Studio5\jbr\bin\java.dll
0x00007ffe526e0000 - 0x00007ffe526ea000 	C:\Program Files\Android\Android Studio5\jbr\bin\jimage.dll
0x00007ffe51360000 - 0x00007ffe51378000 	C:\Program Files\Android\Android Studio5\jbr\bin\zip.dll
0x00007ffe59680000 - 0x00007ffe59e70000 	C:\WINDOWS\System32\SHELL32.dll
0x00007ffe56c40000 - 0x00007ffe5750d000 	C:\WINDOWS\SYSTEM32\windows.storage.dll
0x00007ffe56b00000 - 0x00007ffe56c3e000 	C:\WINDOWS\SYSTEM32\wintypes.dll
0x00007ffe5b200000 - 0x00007ffe5b2f1000 	C:\WINDOWS\System32\SHCORE.dll
0x00007ffe5a740000 - 0x00007ffe5a79e000 	C:\WINDOWS\System32\shlwapi.dll
0x00007ffe58b60000 - 0x00007ffe58b81000 	C:\WINDOWS\SYSTEM32\profapi.dll
0x00007ffe44100000 - 0x00007ffe44119000 	C:\Program Files\Android\Android Studio5\jbr\bin\net.dll
0x00007ffe502c0000 - 0x00007ffe503f7000 	C:\WINDOWS\SYSTEM32\WINHTTP.dll
0x00007ffe580f0000 - 0x00007ffe58159000 	C:\WINDOWS\system32\mswsock.dll
0x00007ffe43bf0000 - 0x00007ffe43c03000 	C:\Program Files\Android\Android Studio5\jbr\bin\nio.dll
0x00007ffe52690000 - 0x00007ffe526b7000 	C:\Users\DeLL\.gradle\native\e1d6ef7f7dcc3fd88c89a11ec53ec762bb8ba0a96d01ffa2cd45eb1d1d8dd5c5\windows-amd64\native-platform.dll
0x00007ffe421c0000 - 0x00007ffe42304000 	C:\Users\DeLL\.gradle\native\5664cfc778a61ccfe75a443a1ab52a65af34e5dc3c78e0209fed803814484fcb\windows-amd64\native-platform-file-events.dll
0x00007ffe526d0000 - 0x00007ffe526da000 	C:\Program Files\Android\Android Studio5\jbr\bin\management.dll
0x00007ffe52680000 - 0x00007ffe5268b000 	C:\Program Files\Android\Android Studio5\jbr\bin\management_ext.dll
0x00007ffe58360000 - 0x00007ffe5837b000 	C:\WINDOWS\SYSTEM32\CRYPTSP.dll
0x00007ffe57bf0000 - 0x00007ffe57c25000 	C:\WINDOWS\system32\rsaenh.dll
0x00007ffe581f0000 - 0x00007ffe58218000 	C:\WINDOWS\SYSTEM32\USERENV.dll
0x00007ffe58510000 - 0x00007ffe58538000 	C:\WINDOWS\SYSTEM32\bcrypt.dll
0x00007ffe58350000 - 0x00007ffe5835c000 	C:\WINDOWS\SYSTEM32\CRYPTBASE.dll
0x00007ffe57760000 - 0x00007ffe5778d000 	C:\WINDOWS\SYSTEM32\IPHLPAPI.DLL
0x00007ffe5a130000 - 0x00007ffe5a139000 	C:\WINDOWS\System32\NSI.dll
0x00007ffe50490000 - 0x00007ffe504a9000 	C:\WINDOWS\SYSTEM32\dhcpcsvc6.DLL
0x00007ffe50470000 - 0x00007ffe5048f000 	C:\WINDOWS\SYSTEM32\dhcpcsvc.DLL
0x00007ffe577d0000 - 0x00007ffe578c3000 	C:\WINDOWS\SYSTEM32\DNSAPI.dll

dbghelp: loaded successfully - version: 4.0.5 - missing functions: none
symbol engine: initialized successfully - sym options: 0x614 - pdb path: .;C:\Program Files\Android\Android Studio5\jbr\bin;C:\WINDOWS\SYSTEM32;C:\WINDOWS\WinSxS\amd64_microsoft.windows.common-controls_6595b64144ccf1df_6.0.22621.608_none_a9444ca7c10bb01d;C:\Program Files\Android\Android Studio5\jbr\bin\server;C:\Users\DeLL\.gradle\native\e1d6ef7f7dcc3fd88c89a11ec53ec762bb8ba0a96d01ffa2cd45eb1d1d8dd5c5\windows-amd64;C:\Users\DeLL\.gradle\native\5664cfc778a61ccfe75a443a1ab52a65af34e5dc3c78e0209fed803814484fcb\windows-amd64

VM Arguments:
jvm_args: --add-opens=java.base/java.util=ALL-UNNAMED --add-opens=java.base/java.lang=ALL-UNNAMED --add-opens=java.base/java.lang.invoke=ALL-UNNAMED --add-opens=java.base/java.util=ALL-UNNAMED --add-opens=java.prefs/java.util.prefs=ALL-UNNAMED --add-opens=java.prefs/java.util.prefs=ALL-UNNAMED --add-opens=java.base/java.nio.charset=ALL-UNNAMED --add-opens=java.base/java.net=ALL-UNNAMED --add-opens=java.base/java.util.concurrent.atomic=ALL-UNNAMED -Xmx2048m -Dfile.encoding=UTF-8 -Duser.country=IN -Duser.language=en -Duser.variant 
java_command: org.gradle.launcher.daemon.bootstrap.GradleDaemon 7.3.3
java_class_path (initial): C:\Users\DeLL\.gradle\wrapper\dists\gradle-7.3.3-bin\6a41zxkdtcxs8rphpq6y0069z\gradle-7.3.3\lib\gradle-launcher-7.3.3.jar
Launcher Type: SUN_STANDARD

[Global flags]
     intx CICompilerCount                          = 4                                         {product} {ergonomic}
     uint ConcGCThreads                            = 2                                         {product} {ergonomic}
     uint G1ConcRefinementThreads                  = 8                                         {product} {ergonomic}
   size_t G1HeapRegionSize                         = 1048576                                   {product} {ergonomic}
    uintx GCDrainStackTargetSize                   = 64                                        {product} {ergonomic}
   size_t InitialHeapSize                          = 67108864                                  {product} {ergonomic}
   size_t MarkStackSize                            = 4194304                                   {product} {ergonomic}
   size_t MaxHeapSize                              = 2147483648                                {product} {command line}
   size_t MaxNewSize                               = 1287651328                                {product} {ergonomic}
   size_t MinHeapDeltaBytes                        = 1048576                                   {product} {ergonomic}
    uintx NonNMethodCodeHeapSize                   = 5836300                                {pd product} {ergonomic}
    uintx NonProfiledCodeHeapSize                  = 122910970                              {pd product} {ergonomic}
    uintx ProfiledCodeHeapSize                     = 122910970                              {pd product} {ergonomic}
    uintx ReservedCodeCacheSize                    = 251658240                              {pd product} {ergonomic}
     bool SegmentedCodeCache                       = true                                      {product} {ergonomic}
     bool UseCompressedClassPointers               = true                                 {lp64_product} {ergonomic}
     bool UseCompressedOops                        = true                                 {lp64_product} {ergonomic}
     bool UseG1GC                                  = true                                      {product} {ergonomic}
     bool UseLargePagesIndividualAllocation        = false                                  {pd product} {ergonomic}

Logging:
Log output configuration:
 #0: stdout all=warning uptime,level,tags
 #1: stderr all=off uptime,level,tags

Environment Variables:
PATH=C:\Program Files\Eclipse Adoptium\jdk-17.0.5.8-hotspot\bin;C:\Python310\Scripts\;C:\Python310\;C:\Program Files\Common Files\Oracle\Java\javapath;C:\ProgramData\Oracle\Java\javapath;C:\WINDOWS\system32;C:\WINDOWS;C:\WINDOWS\System32\Wbem;C:\WINDOWS\System32\WindowsPowerShell\v1.0\;C:\WINDOWS\System32\OpenSSH\;C:\Program Files\Java\jdk-16.0.1\bin;C:\Program Files\Git\cmd;C:\ProgramData\chocolatey\bin;C:\Program Files\Microsoft VS Code\bin;C:\Program Files\nodejs\;C:\MinGW\bin;C:\Program Files\MySQL\MySQL Shell 8.0\bin\;C:\Users\DeLL\AppData\Local\Programs\Python\Python39\Scripts\;C:\Users\DeLL\AppData\Local\Programs\Python\Python39\;C:\Program Files\JetBrains\PyCharm 2021.1.3\python\PyCharm 2021.1.3\bin;;C:\Users\DeLL\AppData\Local\Microsoft\WindowsApps;C:\Program Files\heroku\bin;C:\Program Files\MongoDB\Server\5.0\bin;C:\Users\DeLL\AppData\Roaming\npm;C:\Program Files\JetBrains\IntelliJ IDEA Community Edition 2022.2.1\bin;;C:\MinGW\bin;
USERNAME=DeLL
OS=Windows_NT
PROCESSOR_IDENTIFIER=Intel64 Family 6 Model 142 Stepping 12, GenuineIntel



---------------  S Y S T E M  ---------------

OS: Windows 11 , 64 bit Build 22621 (10.0.22621.1485)
OS uptime: 5 days 0:03 hours

CPU:total 8 (initial active 8) (4 cores per cpu, 2 threads per core) family 6 model 142 stepping 12 microcode 0xf0, cmov, cx8, fxsr, mmx, sse, sse2, sse3, ssse3, sse4.1, sse4.2, popcnt, avx, avx2, aes, clmul, erms, 3dnowpref, lzcnt, ht, tsc, tscinvbit, bmi1, bmi2, adx, fma

Memory: 4k page, system-wide physical 3971M (202M free)
TotalPageFile size 10115M (AvailPageFile size 0M)
current process WorkingSet (physical memory assigned to process): 170M, peak: 208M
current process commit charge ("private bytes"): 226M, peak: 228M

vm_info: OpenJDK 64-Bit Server VM (11.0.15+0-b2043.56-9505619) for windows-amd64 JRE (11.0.15+0-b2043.56-9505619), built on Jan 19 2023 02:48:00 by "builduser" with unknown MS VC++:1929

END.
