#
# There is insufficient memory for the Java Runtime Environment to continue.
# Native memory allocation (malloc) failed to allocate 1293616 bytes for Chunk::new
# Possible reasons:
#   The system is out of physical RAM or swap space
#   The process is running with CompressedOops enabled, and the Java Heap may be blocking the growth of the native heap
# Possible solutions:
#   Reduce memory load on the system
#   Increase physical memory or swap space
#   Check if swap backing store is full
#   Decrease Java heap size (-Xmx/-Xms)
#   Decrease number of Java threads
#   Decrease Java thread stack sizes (-Xss)
#   Set larger code cache with -XX:ReservedCodeCacheSize=
#   JVM is running with Unscaled Compressed Oops mode in which the Java heap is
#     placed in the first 4GB address space. The Java Heap base address is the
#     maximum limit for the native heap growth. Please use -XX:HeapBaseMinAddress
#     to set the Java Heap base and to place the Java Heap above 4GB virtual address.
# This output file may be truncated or incomplete.
#
#  Out of Memory Error (src/hotspot/share/memory/arena.cpp:197), pid=16304, tid=13720
#
# JRE version: OpenJDK Runtime Environment (11.0.15) (build 11.0.15+0-b2043.56-9505619)
# Java VM: OpenJDK 64-Bit Server VM (11.0.15+0-b2043.56-9505619, mixed mode, tiered, compressed oops, g1 gc, windows-amd64)
# No core dump will be written. Minidumps are not enabled by default on client versions of Windows
#

---------------  S U M M A R Y ------------

Command Line: --add-opens=java.base/java.util=ALL-UNNAMED --add-opens=java.base/java.lang=ALL-UNNAMED --add-opens=java.base/java.lang.invoke=ALL-UNNAMED --add-opens=java.base/java.util=ALL-UNNAMED --add-opens=java.prefs/java.util.prefs=ALL-UNNAMED --add-opens=java.prefs/java.util.prefs=ALL-UNNAMED --add-opens=java.base/java.nio.charset=ALL-UNNAMED --add-opens=java.base/java.net=ALL-UNNAMED --add-opens=java.base/java.util.concurrent.atomic=ALL-UNNAMED -Xmx2048m -Dfile.encoding=UTF-8 -Duser.country=IN -Duser.language=en -Duser.variant org.gradle.launcher.daemon.bootstrap.GradleDaemon 7.3.3

Host: Intel(R) Core(TM) i5-8265U CPU @ 1.60GHz, 8 cores, 3G,  Windows 11 , 64 bit Build 22000 (10.0.22000.1516)
Time: Thu Apr  6 15:34:02 2023 India Standard Time elapsed time: 84.811615 seconds (0d 0h 1m 24s)

---------------  T H R E A D  ---------------

Current thread (0x000002114f9d7000):  JavaThread "C2 CompilerThread0" daemon [_thread_in_native, id=13720, stack(0x0000004908100000,0x0000004908200000)]


Current CompileTask:
C2:  84811 6274       4       org.objectweb.asm.ClassReader::readElementValue (1237 bytes)

Stack: [0x0000004908100000,0x0000004908200000]
Native frames: (J=compiled Java code, j=interpreted, Vv=VM code, C=native code)
V  [jvm.dll+0x64135a]
V  [jvm.dll+0x7d39f9]
V  [jvm.dll+0x7d51b9]
V  [jvm.dll+0x7d58a3]
V  [jvm.dll+0x2691c5]
V  [jvm.dll+0xc1a5c]
V  [jvm.dll+0xc200c]
V  [jvm.dll+0x377462]
V  [jvm.dll+0x342495]
V  [jvm.dll+0x34186a]
V  [jvm.dll+0x2214bd]
V  [jvm.dll+0x220498]
V  [jvm.dll+0x19e851]
V  [jvm.dll+0x230479]
V  [jvm.dll+0x22e5ef]
V  [jvm.dll+0x794de1]
V  [jvm.dll+0x78dc24]
V  [jvm.dll+0x6400f6]
C  [ucrtbase.dll+0x26c0c]
C  [KERNEL32.DLL+0x155a0]
C  [ntdll.dll+0x485b]


---------------  P R O C E S S  ---------------

Threads class SMR info:
_java_thread_list=0x0000021154749340, length=38, elements={
0x0000021135527000, 0x000002114f9b8000, 0x000002114f9c1000, 0x0000021150352800,
0x000002114f9d5800, 0x000002114f9d6800, 0x000002114f9d7000, 0x000002114f9d8000,
0x000002114f9db800, 0x000002115048c000, 0x0000021151a3d800, 0x0000021151dee800,
0x00000211515b0800, 0x0000021151cc0000, 0x000002115235c800, 0x0000021150edf000,
0x0000021151e8e800, 0x0000021151e8f800, 0x0000021151e91000, 0x0000021151e73800,
0x0000021151e74000, 0x0000021151e76800, 0x0000021151e75000, 0x0000021151e7a000,
0x0000021151e77800, 0x0000021151e75800, 0x0000021151e78000, 0x0000021151e79000,
0x0000021151e37800, 0x0000021151e39000, 0x0000021151e3a000, 0x0000021151e3a800,
0x0000021151e3b800, 0x0000021151e3c800, 0x0000021151e3d000, 0x0000021151e3e000,
0x0000021151e38000, 0x0000021151e43800
}

Java Threads: ( => current thread )
  0x0000021135527000 JavaThread "main" [_thread_blocked, id=14780, stack(0x0000004907500000,0x0000004907600000)]
  0x000002114f9b8000 JavaThread "Reference Handler" daemon [_thread_blocked, id=12076, stack(0x0000004907c00000,0x0000004907d00000)]
  0x000002114f9c1000 JavaThread "Finalizer" daemon [_thread_blocked, id=12980, stack(0x0000004907d00000,0x0000004907e00000)]
  0x0000021150352800 JavaThread "Signal Dispatcher" daemon [_thread_blocked, id=24044, stack(0x0000004907e00000,0x0000004907f00000)]
  0x000002114f9d5800 JavaThread "Attach Listener" daemon [_thread_blocked, id=26080, stack(0x0000004907f00000,0x0000004908000000)]
  0x000002114f9d6800 JavaThread "Service Thread" daemon [_thread_blocked, id=9848, stack(0x0000004908000000,0x0000004908100000)]
=>0x000002114f9d7000 JavaThread "C2 CompilerThread0" daemon [_thread_in_native, id=13720, stack(0x0000004908100000,0x0000004908200000)]
  0x000002114f9d8000 JavaThread "C1 CompilerThread0" daemon [_thread_blocked, id=20504, stack(0x0000004908200000,0x0000004908300000)]
  0x000002114f9db800 JavaThread "Sweeper thread" daemon [_thread_blocked, id=21064, stack(0x0000004908300000,0x0000004908400000)]
  0x000002115048c000 JavaThread "Common-Cleaner" daemon [_thread_blocked, id=20376, stack(0x0000004908400000,0x0000004908500000)]
  0x0000021151a3d800 JavaThread "Daemon health stats" [_thread_blocked, id=19312, stack(0x0000004908700000,0x0000004908800000)]
  0x0000021151dee800 JavaThread "Incoming local TCP Connector on port 8080" [_thread_in_native, id=10132, stack(0x0000004908a00000,0x0000004908b00000)]
  0x00000211515b0800 JavaThread "Daemon periodic checks" [_thread_blocked, id=20660, stack(0x0000004908b00000,0x0000004908c00000)]
  0x0000021151cc0000 JavaThread "Daemon" [_thread_blocked, id=4468, stack(0x0000004908c00000,0x0000004908d00000)]
  0x000002115235c800 JavaThread "Handler for socket connection from /127.0.0.1:8080 to /127.0.0.1:8081" [_thread_in_native, id=11288, stack(0x0000004908d00000,0x0000004908e00000)]
  0x0000021150edf000 JavaThread "Cancel handler" [_thread_blocked, id=15072, stack(0x0000004908e00000,0x0000004908f00000)]
  0x0000021151e8e800 JavaThread "Daemon worker" [_thread_blocked, id=15032, stack(0x0000004908f00000,0x0000004909000000)]
  0x0000021151e8f800 JavaThread "Asynchronous log dispatcher for DefaultDaemonConnection: socket connection from /127.0.0.1:8080 to /127.0.0.1:8081" [_thread_blocked, id=19888, stack(0x0000004909000000,0x0000004909100000)]
  0x0000021151e91000 JavaThread "Daemon client event forwarder" [_thread_blocked, id=13068, stack(0x0000004909200000,0x0000004909300000)]
  0x0000021151e73800 JavaThread "Cache worker for journal cache (C:\Users\DeLL\.gradle\caches\journal-1)" [_thread_blocked, id=12424, stack(0x0000004909700000,0x0000004909800000)]
  0x0000021151e74000 JavaThread "File lock request listener" [_thread_in_native, id=26180, stack(0x0000004909800000,0x0000004909900000)]
  0x0000021151e76800 JavaThread "Cache worker for file hash cache (C:\Users\DeLL\.gradle\caches\7.3.3\fileHashes)" [_thread_blocked, id=15964, stack(0x0000004909a00000,0x0000004909b00000)]
  0x0000021151e75000 JavaThread "Cache worker for file hash cache (C:\Questioner-main\Questioner-main\.gradle\7.3.3\fileHashes)" [_thread_blocked, id=18520, stack(0x0000004909b00000,0x0000004909c00000)]
  0x0000021151e7a000 JavaThread "File watcher server" daemon [_thread_in_native, id=19408, stack(0x0000004909c00000,0x0000004909d00000)]
  0x0000021151e77800 JavaThread "File watcher consumer" daemon [_thread_blocked, id=12172, stack(0x0000004909d00000,0x0000004909e00000)]
  0x0000021151e75800 JavaThread "jar transforms" [_thread_blocked, id=2084, stack(0x0000004909e00000,0x0000004909f00000)]
  0x0000021151e78000 JavaThread "jar transforms Thread 2" [_thread_blocked, id=19256, stack(0x0000004909f00000,0x000000490a000000)]
  0x0000021151e79000 JavaThread "jar transforms Thread 3" [_thread_blocked, id=26252, stack(0x000000490a000000,0x000000490a100000)]
  0x0000021151e37800 JavaThread "jar transforms Thread 4" [_thread_blocked, id=15208, stack(0x000000490a100000,0x000000490a200000)]
  0x0000021151e39000 JavaThread "jar transforms Thread 5" [_thread_blocked, id=7356, stack(0x000000490a200000,0x000000490a300000)]
  0x0000021151e3a000 JavaThread "jar transforms Thread 6" [_thread_in_Java, id=13256, stack(0x000000490a300000,0x000000490a400000)]
  0x0000021151e3a800 JavaThread "jar transforms Thread 7" [_thread_blocked, id=14380, stack(0x000000490a400000,0x000000490a500000)]
  0x0000021151e3b800 JavaThread "jar transforms Thread 8" [_thread_blocked, id=7712, stack(0x000000490a500000,0x000000490a600000)]
  0x0000021151e3c800 JavaThread "Cache worker for checksums cache (C:\Questioner-main\Questioner-main\.gradle\7.3.3\checksums)" [_thread_blocked, id=20884, stack(0x000000490a800000,0x000000490a900000)]
  0x0000021151e3d000 JavaThread "Cache worker for cache directory md-supplier (C:\Users\DeLL\.gradle\caches\7.3.3\md-supplier)" [_thread_blocked, id=4648, stack(0x000000490a900000,0x000000490aa00000)]
  0x0000021151e3e000 JavaThread "Cache worker for cache directory md-rule (C:\Users\DeLL\.gradle\caches\7.3.3\md-rule)" [_thread_blocked, id=21880, stack(0x000000490aa00000,0x000000490ab00000)]
  0x0000021151e38000 JavaThread "Cache worker for execution history cache (C:\Users\DeLL\.gradle\caches\7.3.3\executionHistory)" [_thread_blocked, id=3828, stack(0x000000490ab00000,0x000000490ac00000)]
  0x0000021151e43800 JavaThread "Cache worker for file content cache (C:\Users\DeLL\.gradle\caches\7.3.3\fileContent)" [_thread_blocked, id=28572, stack(0x000000490ac00000,0x000000490ad00000)]

Other Threads:
  0x000002114f9b0800 VMThread "VM Thread" [stack: 0x0000004907b00000,0x0000004907c00000] [id=16620]
  0x00000211504b2000 WatcherThread [stack: 0x0000004908500000,0x0000004908600000] [id=16124]
  0x000002113553e000 GCTaskThread "GC Thread#0" [stack: 0x0000004907600000,0x0000004907700000] [id=8232]
  0x0000021150b4d800 GCTaskThread "GC Thread#1" [stack: 0x0000004908600000,0x0000004908700000] [id=22640]
  0x00000211523b2800 GCTaskThread "GC Thread#2" [stack: 0x0000004908800000,0x0000004908900000] [id=16228]
  0x0000021151959800 GCTaskThread "GC Thread#3" [stack: 0x0000004908900000,0x0000004908a00000] [id=16856]
  0x00000211525d9000 GCTaskThread "GC Thread#4" [stack: 0x0000004909300000,0x0000004909400000] [id=16108]
  0x0000021152590800 GCTaskThread "GC Thread#5" [stack: 0x0000004909400000,0x0000004909500000] [id=17048]
  0x0000021152591000 GCTaskThread "GC Thread#6" [stack: 0x0000004909500000,0x0000004909600000] [id=16160]
  0x00000211525b9000 GCTaskThread "GC Thread#7" [stack: 0x0000004909600000,0x0000004909700000] [id=26952]
  0x0000021135570000 ConcurrentGCThread "G1 Main Marker" [stack: 0x0000004907700000,0x0000004907800000] [id=21412]
  0x0000021135572000 ConcurrentGCThread "G1 Conc#0" [stack: 0x0000004907800000,0x0000004907900000] [id=21092]
  0x0000021152737800 ConcurrentGCThread "G1 Conc#1" [stack: 0x0000004909900000,0x0000004909a00000] [id=5052]
  0x00000211355df000 ConcurrentGCThread "G1 Refine#0" [stack: 0x0000004907900000,0x0000004907a00000] [id=568]
  0x00000211355e2800 ConcurrentGCThread "G1 Young RemSet Sampling" [stack: 0x0000004907a00000,0x0000004907b00000] [id=19660]

Threads with active compile tasks:
C2 CompilerThread0    84883 6274       4       org.objectweb.asm.ClassReader::readElementValue (1237 bytes)

VM state:not at safepoint (normal execution)

VM Mutex/Monitor currently owned by a thread: None

Heap address: 0x0000000080000000, size: 2048 MB, Compressed Oops mode: 32-bit
Narrow klass base: 0x0000000000000000, Narrow klass shift: 3
Compressed class space size: 1073741824 Address: 0x0000000100000000

Heap:
 garbage-first heap   total 361472K, used 275491K [0x0000000080000000, 0x0000000100000000)
  region size 1024K, 175 young (179200K), 11 survivors (11264K)
 Metaspace       used 50201K, capacity 51524K, committed 51632K, reserved 1093632K
  class space    used 6374K, capacity 6873K, committed 6912K, reserved 1048576K
Heap Regions: E=young(eden), S=young(survivor), O=old, HS=humongous(starts), HC=humongous(continues), CS=collection set, F=free, A=archive, TAMS=top-at-mark-start (previous, next)
|   0|0x0000000080000000, 0x0000000080100000, 0x0000000080100000|100%| O|  |TAMS 0x0000000080100000, 0x0000000080000000| Untracked 
|   1|0x0000000080100000, 0x0000000080200000, 0x0000000080200000|100%| O|  |TAMS 0x0000000080200000, 0x0000000080100000| Untracked 
|   2|0x0000000080200000, 0x0000000080300000, 0x0000000080300000|100%| O|  |TAMS 0x0000000080300000, 0x0000000080200000| Untracked 
|   3|0x0000000080300000, 0x0000000080400000, 0x0000000080400000|100%|HS|  |TAMS 0x0000000080400000, 0x0000000080300000| Complete 
|   4|0x0000000080400000, 0x0000000080500000, 0x0000000080500000|100%|HC|  |TAMS 0x0000000080500000, 0x0000000080400000| Complete 
|   5|0x0000000080500000, 0x0000000080600000, 0x0000000080600000|100%|HC|  |TAMS 0x0000000080600000, 0x0000000080500000| Complete 
|   6|0x0000000080600000, 0x0000000080700000, 0x0000000080700000|100%| O|  |TAMS 0x0000000080700000, 0x0000000080600000| Untracked 
|   7|0x0000000080700000, 0x0000000080800000, 0x0000000080800000|100%| O|  |TAMS 0x0000000080800000, 0x0000000080700000| Untracked 
|   8|0x0000000080800000, 0x0000000080900000, 0x0000000080900000|100%| O|  |TAMS 0x0000000080900000, 0x0000000080800000| Untracked 
|   9|0x0000000080900000, 0x0000000080a00000, 0x0000000080a00000|100%| O|  |TAMS 0x0000000080a00000, 0x0000000080900000| Untracked 
|  10|0x0000000080a00000, 0x0000000080b00000, 0x0000000080b00000|100%| O|  |TAMS 0x0000000080b00000, 0x0000000080a00000| Untracked 
|  11|0x0000000080b00000, 0x0000000080c00000, 0x0000000080c00000|100%| O|  |TAMS 0x0000000080c00000, 0x0000000080b00000| Untracked 
|  12|0x0000000080c00000, 0x0000000080d00000, 0x0000000080d00000|100%| O|  |TAMS 0x0000000080d00000, 0x0000000080c00000| Untracked 
|  13|0x0000000080d00000, 0x0000000080e00000, 0x0000000080e00000|100%| O|  |TAMS 0x0000000080e00000, 0x0000000080d00000| Untracked 
|  14|0x0000000080e00000, 0x0000000080f00000, 0x0000000080f00000|100%| O|  |TAMS 0x0000000080f00000, 0x0000000080e00000| Untracked 
|  15|0x0000000080f00000, 0x0000000081000000, 0x0000000081000000|100%| O|  |TAMS 0x0000000081000000, 0x0000000080f00000| Untracked 
|  16|0x0000000081000000, 0x0000000081100000, 0x0000000081100000|100%| O|  |TAMS 0x0000000081100000, 0x0000000081000000| Untracked 
|  17|0x0000000081100000, 0x0000000081200000, 0x0000000081200000|100%|HS|  |TAMS 0x0000000081200000, 0x0000000081100000| Complete 
|  18|0x0000000081200000, 0x0000000081300000, 0x0000000081300000|100%|HC|  |TAMS 0x0000000081300000, 0x0000000081200000| Complete 
|  19|0x0000000081300000, 0x0000000081400000, 0x0000000081400000|100%|HS|  |TAMS 0x0000000081400000, 0x0000000081300000| Complete 
|  20|0x0000000081400000, 0x0000000081500000, 0x0000000081500000|100%|HC|  |TAMS 0x0000000081500000, 0x0000000081400000| Complete 
|  21|0x0000000081500000, 0x0000000081600000, 0x0000000081600000|100%|HC|  |TAMS 0x0000000081600000, 0x0000000081500000| Complete 
|  22|0x0000000081600000, 0x0000000081700000, 0x0000000081700000|100%|HS|  |TAMS 0x0000000081700000, 0x0000000081600000| Complete 
|  23|0x0000000081700000, 0x0000000081800000, 0x0000000081800000|100%|HC|  |TAMS 0x0000000081800000, 0x0000000081700000| Complete 
|  24|0x0000000081800000, 0x0000000081900000, 0x0000000081900000|100%|HC|  |TAMS 0x0000000081900000, 0x0000000081800000| Complete 
|  25|0x0000000081900000, 0x0000000081a00000, 0x0000000081a00000|100%|HS|  |TAMS 0x0000000081a00000, 0x0000000081900000| Complete 
|  26|0x0000000081a00000, 0x0000000081b00000, 0x0000000081b00000|100%|HC|  |TAMS 0x0000000081b00000, 0x0000000081a00000| Complete 
|  27|0x0000000081b00000, 0x0000000081c00000, 0x0000000081c00000|100%| O|  |TAMS 0x0000000081c00000, 0x0000000081b00000| Untracked 
|  28|0x0000000081c00000, 0x0000000081d00000, 0x0000000081d00000|100%|HS|  |TAMS 0x0000000081d00000, 0x0000000081c00000| Complete 
|  29|0x0000000081d00000, 0x0000000081e00000, 0x0000000081e00000|100%|HC|  |TAMS 0x0000000081e00000, 0x0000000081d00000| Complete 
|  30|0x0000000081e00000, 0x0000000081f00000, 0x0000000081f00000|100%|HC|  |TAMS 0x0000000081f00000, 0x0000000081e00000| Complete 
|  31|0x0000000081f00000, 0x0000000082000000, 0x0000000082000000|100%|HC|  |TAMS 0x0000000082000000, 0x0000000081f00000| Complete 
|  32|0x0000000082000000, 0x0000000082100000, 0x0000000082100000|100%|HC|  |TAMS 0x0000000082100000, 0x0000000082000000| Complete 
|  33|0x0000000082100000, 0x0000000082200000, 0x0000000082200000|100%| O|  |TAMS 0x0000000082200000, 0x0000000082100000| Untracked 
|  34|0x0000000082200000, 0x0000000082300000, 0x0000000082300000|100%| O|  |TAMS 0x0000000082300000, 0x0000000082200000| Untracked 
|  35|0x0000000082300000, 0x0000000082400000, 0x0000000082400000|100%| O|  |TAMS 0x0000000082400000, 0x0000000082300000| Untracked 
|  36|0x0000000082400000, 0x0000000082500000, 0x0000000082500000|100%| O|  |TAMS 0x0000000082500000, 0x0000000082400000| Untracked 
|  37|0x0000000082500000, 0x0000000082600000, 0x0000000082600000|100%| O|  |TAMS 0x0000000082600000, 0x0000000082500000| Untracked 
|  38|0x0000000082600000, 0x0000000082700000, 0x0000000082700000|100%| O|  |TAMS 0x0000000082700000, 0x0000000082600000| Untracked 
|  39|0x0000000082700000, 0x0000000082800000, 0x0000000082800000|100%| O|  |TAMS 0x0000000082800000, 0x0000000082700000| Untracked 
|  40|0x0000000082800000, 0x0000000082900000, 0x0000000082900000|100%| O|  |TAMS 0x0000000082900000, 0x0000000082800000| Untracked 
|  41|0x0000000082900000, 0x0000000082a00000, 0x0000000082a00000|100%| O|  |TAMS 0x0000000082a00000, 0x0000000082900000| Untracked 
|  42|0x0000000082a00000, 0x0000000082b00000, 0x0000000082b00000|100%| O|  |TAMS 0x0000000082b00000, 0x0000000082a00000| Untracked 
|  43|0x0000000082b00000, 0x0000000082c00000, 0x0000000082c00000|100%| O|  |TAMS 0x0000000082c00000, 0x0000000082b00000| Untracked 
|  44|0x0000000082c00000, 0x0000000082d00000, 0x0000000082d00000|100%| O|  |TAMS 0x0000000082d00000, 0x0000000082c00000| Untracked 
|  45|0x0000000082d00000, 0x0000000082e00000, 0x0000000082e00000|100%| O|  |TAMS 0x0000000082e00000, 0x0000000082d00000| Untracked 
|  46|0x0000000082e00000, 0x0000000082f00000, 0x0000000082f00000|100%| O|  |TAMS 0x0000000082f00000, 0x0000000082e00000| Untracked 
|  47|0x0000000082f00000, 0x0000000083000000, 0x0000000083000000|100%| O|  |TAMS 0x0000000083000000, 0x0000000082f00000| Untracked 
|  48|0x0000000083000000, 0x0000000083100000, 0x0000000083100000|100%| O|  |TAMS 0x0000000083100000, 0x0000000083000000| Untracked 
|  49|0x0000000083100000, 0x0000000083200000, 0x0000000083200000|100%| O|  |TAMS 0x0000000083200000, 0x0000000083100000| Untracked 
|  50|0x0000000083200000, 0x0000000083300000, 0x0000000083300000|100%|HS|  |TAMS 0x0000000083300000, 0x0000000083200000| Complete 
|  51|0x0000000083300000, 0x0000000083400000, 0x0000000083400000|100%|HC|  |TAMS 0x0000000083400000, 0x0000000083300000| Complete 
|  52|0x0000000083400000, 0x0000000083500000, 0x0000000083500000|100%| O|  |TAMS 0x0000000083500000, 0x0000000083400000| Untracked 
|  53|0x0000000083500000, 0x0000000083600000, 0x0000000083600000|100%|HS|  |TAMS 0x0000000083600000, 0x0000000083500000| Complete 
|  54|0x0000000083600000, 0x0000000083700000, 0x0000000083700000|100%|HC|  |TAMS 0x0000000083700000, 0x0000000083600000| Complete 
|  55|0x0000000083700000, 0x0000000083800000, 0x0000000083800000|100%| O|  |TAMS 0x0000000083800000, 0x0000000083700000| Untracked 
|  56|0x0000000083800000, 0x0000000083900000, 0x0000000083900000|100%| O|  |TAMS 0x0000000083900000, 0x0000000083800000| Untracked 
|  57|0x0000000083900000, 0x0000000083a00000, 0x0000000083a00000|100%| O|  |TAMS 0x0000000083a00000, 0x0000000083900000| Untracked 
|  58|0x0000000083a00000, 0x0000000083b00000, 0x0000000083b00000|100%| O|  |TAMS 0x0000000083b00000, 0x0000000083a00000| Untracked 
|  59|0x0000000083b00000, 0x0000000083c00000, 0x0000000083c00000|100%|HS|  |TAMS 0x0000000083b00000, 0x0000000083b00000| Complete 
|  60|0x0000000083c00000, 0x0000000083d00000, 0x0000000083d00000|100%| O|  |TAMS 0x0000000083d00000, 0x0000000083c00000| Untracked 
|  61|0x0000000083d00000, 0x0000000083e00000, 0x0000000083e00000|100%| O|  |TAMS 0x0000000083e00000, 0x0000000083d00000| Untracked 
|  62|0x0000000083e00000, 0x0000000083e00000, 0x0000000083f00000|  0%| F|  |TAMS 0x0000000083e00000, 0x0000000083e00000| Untracked 
|  63|0x0000000083f00000, 0x0000000083f00000, 0x0000000084000000|  0%| F|  |TAMS 0x0000000083f00000, 0x0000000083f00000| Untracked 
|  64|0x0000000084000000, 0x0000000084100000, 0x0000000084100000|100%| O|  |TAMS 0x0000000084100000, 0x0000000084000000| Untracked 
|  65|0x0000000084100000, 0x0000000084200000, 0x0000000084200000|100%| O|  |TAMS 0x0000000084200000, 0x0000000084100000| Untracked 
|  66|0x0000000084200000, 0x0000000084300000, 0x0000000084300000|100%| O|  |TAMS 0x0000000084300000, 0x0000000084200000| Untracked 
|  67|0x0000000084300000, 0x0000000084400000, 0x0000000084400000|100%| O|  |TAMS 0x0000000084400000, 0x0000000084300000| Untracked 
|  68|0x0000000084400000, 0x0000000084500000, 0x0000000084500000|100%| O|  |TAMS 0x0000000084500000, 0x0000000084400000| Untracked 
|  69|0x0000000084500000, 0x0000000084600000, 0x0000000084600000|100%| O|  |TAMS 0x0000000084600000, 0x0000000084500000| Untracked 
|  70|0x0000000084600000, 0x0000000084700000, 0x0000000084700000|100%|HS|  |TAMS 0x0000000084700000, 0x0000000084600000| Complete 
|  71|0x0000000084700000, 0x0000000084800000, 0x0000000084800000|100%|HC|  |TAMS 0x0000000084800000, 0x0000000084700000| Complete 
|  72|0x0000000084800000, 0x0000000084900000, 0x0000000084900000|100%|HC|  |TAMS 0x0000000084900000, 0x0000000084800000| Complete 
|  73|0x0000000084900000, 0x0000000084a00000, 0x0000000084a00000|100%|HC|  |TAMS 0x0000000084a00000, 0x0000000084900000| Complete 
|  74|0x0000000084a00000, 0x0000000084b00000, 0x0000000084b00000|100%|HC|  |TAMS 0x0000000084b00000, 0x0000000084a00000| Complete 
|  75|0x0000000084b00000, 0x0000000084c00000, 0x0000000084c00000|100%| O|  |TAMS 0x0000000084b00000, 0x0000000084b00000| Untracked 
|  76|0x0000000084c00000, 0x0000000084d00000, 0x0000000084d00000|100%| O|  |TAMS 0x0000000084c00000, 0x0000000084c00000| Untracked 
|  77|0x0000000084d00000, 0x0000000084d34800, 0x0000000084e00000| 20%| O|  |TAMS 0x0000000084d00000, 0x0000000084d00000| Untracked 
|  78|0x0000000084e00000, 0x0000000084f00000, 0x0000000084f00000|100%| O|  |TAMS 0x0000000084f00000, 0x0000000084e00000| Untracked 
|  79|0x0000000084f00000, 0x0000000085000000, 0x0000000085000000|100%| O|  |TAMS 0x0000000085000000, 0x0000000084f00000| Untracked 
|  80|0x0000000085000000, 0x0000000085100000, 0x0000000085100000|100%| O|  |TAMS 0x0000000085100000, 0x0000000085000000| Untracked 
|  81|0x0000000085100000, 0x0000000085100000, 0x0000000085200000|  0%| F|  |TAMS 0x0000000085100000, 0x0000000085100000| Untracked 
|  82|0x0000000085200000, 0x0000000085200000, 0x0000000085300000|  0%| F|  |TAMS 0x0000000085200000, 0x0000000085200000| Untracked 
|  83|0x0000000085300000, 0x0000000085300000, 0x0000000085400000|  0%| F|  |TAMS 0x0000000085300000, 0x0000000085300000| Untracked 
|  84|0x0000000085400000, 0x0000000085500000, 0x0000000085500000|100%|HS|  |TAMS 0x0000000085500000, 0x0000000085400000| Complete 
|  85|0x0000000085500000, 0x0000000085600000, 0x0000000085600000|100%|HC|  |TAMS 0x0000000085600000, 0x0000000085500000| Complete 
|  86|0x0000000085600000, 0x0000000085700000, 0x0000000085700000|100%|HC|  |TAMS 0x0000000085700000, 0x0000000085600000| Complete 
|  87|0x0000000085700000, 0x0000000085800000, 0x0000000085800000|100%|HC|  |TAMS 0x0000000085800000, 0x0000000085700000| Complete 
|  88|0x0000000085800000, 0x0000000085900000, 0x0000000085900000|100%|HC|  |TAMS 0x0000000085900000, 0x0000000085800000| Complete 
|  89|0x0000000085900000, 0x0000000085a00000, 0x0000000085a00000|100%|HC|  |TAMS 0x0000000085a00000, 0x0000000085900000| Complete 
|  90|0x0000000085a00000, 0x0000000085b00000, 0x0000000085b00000|100%|HC|  |TAMS 0x0000000085b00000, 0x0000000085a00000| Complete 
|  91|0x0000000085b00000, 0x0000000085c00000, 0x0000000085c00000|100%|HC|  |TAMS 0x0000000085c00000, 0x0000000085b00000| Complete 
|  92|0x0000000085c00000, 0x0000000085d00000, 0x0000000085d00000|100%|HC|  |TAMS 0x0000000085d00000, 0x0000000085c00000| Complete 
|  93|0x0000000085d00000, 0x0000000085e00000, 0x0000000085e00000|100%|HC|  |TAMS 0x0000000085e00000, 0x0000000085d00000| Complete 
|  94|0x0000000085e00000, 0x0000000085f00000, 0x0000000085f00000|100%| O|  |TAMS 0x0000000085f00000, 0x0000000085e00000| Untracked 
|  95|0x0000000085f00000, 0x0000000086000000, 0x0000000086000000|100%| O|  |TAMS 0x0000000086000000, 0x0000000085f00000| Untracked 
|  96|0x0000000086000000, 0x0000000086100000, 0x0000000086100000|100%| O|  |TAMS 0x0000000086100000, 0x0000000086000000| Untracked 
|  97|0x0000000086100000, 0x0000000086200000, 0x0000000086200000|100%| O|  |TAMS 0x0000000086200000, 0x0000000086100000| Untracked 
|  98|0x0000000086200000, 0x0000000086300000, 0x0000000086300000|100%| O|  |TAMS 0x0000000086300000, 0x0000000086200000| Untracked 
|  99|0x0000000086300000, 0x0000000086400000, 0x0000000086400000|100%| O|  |TAMS 0x0000000086400000, 0x0000000086300000| Untracked 
| 100|0x0000000086400000, 0x0000000086500000, 0x0000000086500000|100%| O|  |TAMS 0x00000000864f4800, 0x0000000086400000| Untracked 
| 101|0x0000000086500000, 0x0000000086500000, 0x0000000086600000|  0%| F|  |TAMS 0x0000000086500000, 0x0000000086500000| Untracked 
| 102|0x0000000086600000, 0x0000000086600000, 0x0000000086700000|  0%| F|  |TAMS 0x0000000086600000, 0x0000000086600000| Untracked 
| 103|0x0000000086700000, 0x0000000086700000, 0x0000000086800000|  0%| F|  |TAMS 0x0000000086700000, 0x0000000086700000| Untracked 
| 104|0x0000000086800000, 0x0000000086800000, 0x0000000086900000|  0%| F|  |TAMS 0x0000000086800000, 0x0000000086800000| Untracked 
| 105|0x0000000086900000, 0x0000000086900000, 0x0000000086a00000|  0%| F|  |TAMS 0x0000000086900000, 0x0000000086900000| Untracked 
| 106|0x0000000086a00000, 0x0000000086a00000, 0x0000000086b00000|  0%| F|  |TAMS 0x0000000086a00000, 0x0000000086a00000| Untracked 
| 107|0x0000000086b00000, 0x0000000086b00000, 0x0000000086c00000|  0%| F|  |TAMS 0x0000000086b00000, 0x0000000086b00000| Untracked 
| 108|0x0000000086c00000, 0x0000000086c00000, 0x0000000086d00000|  0%| F|  |TAMS 0x0000000086c00000, 0x0000000086c00000| Untracked 
| 109|0x0000000086d00000, 0x0000000086d00000, 0x0000000086e00000|  0%| F|  |TAMS 0x0000000086d00000, 0x0000000086d00000| Untracked 
| 110|0x0000000086e00000, 0x0000000086e00000, 0x0000000086f00000|  0%| F|  |TAMS 0x0000000086e00000, 0x0000000086e00000| Untracked 
| 111|0x0000000086f00000, 0x0000000086f00000, 0x0000000087000000|  0%| F|  |TAMS 0x0000000086f00000, 0x0000000086f00000| Untracked 
| 112|0x0000000087000000, 0x0000000087000000, 0x0000000087100000|  0%| F|  |TAMS 0x0000000087000000, 0x0000000087000000| Untracked 
| 113|0x0000000087100000, 0x0000000087100000, 0x0000000087200000|  0%| F|  |TAMS 0x0000000087100000, 0x0000000087100000| Untracked 
| 114|0x0000000087200000, 0x0000000087200000, 0x0000000087300000|  0%| F|  |TAMS 0x0000000087200000, 0x0000000087200000| Untracked 
| 115|0x0000000087300000, 0x0000000087300000, 0x0000000087400000|  0%| F|  |TAMS 0x0000000087300000, 0x0000000087300000| Untracked 
| 116|0x0000000087400000, 0x0000000087400000, 0x0000000087500000|  0%| F|  |TAMS 0x0000000087400000, 0x0000000087400000| Untracked 
| 117|0x0000000087500000, 0x0000000087500000, 0x0000000087600000|  0%| F|  |TAMS 0x0000000087500000, 0x0000000087500000| Untracked 
| 118|0x0000000087600000, 0x0000000087600000, 0x0000000087700000|  0%| F|  |TAMS 0x0000000087600000, 0x0000000087600000| Untracked 
| 119|0x0000000087700000, 0x0000000087700000, 0x0000000087800000|  0%| F|  |TAMS 0x0000000087700000, 0x0000000087700000| Untracked 
| 120|0x0000000087800000, 0x0000000087800000, 0x0000000087900000|  0%| F|  |TAMS 0x0000000087800000, 0x0000000087800000| Untracked 
| 121|0x0000000087900000, 0x0000000087900000, 0x0000000087a00000|  0%| F|  |TAMS 0x0000000087900000, 0x0000000087900000| Untracked 
| 122|0x0000000087a00000, 0x0000000087a00000, 0x0000000087b00000|  0%| F|  |TAMS 0x0000000087a00000, 0x0000000087a00000| Untracked 
| 123|0x0000000087b00000, 0x0000000087b00000, 0x0000000087c00000|  0%| F|  |TAMS 0x0000000087b00000, 0x0000000087b00000| Untracked 
| 124|0x0000000087c00000, 0x0000000087c00000, 0x0000000087d00000|  0%| F|  |TAMS 0x0000000087c00000, 0x0000000087c00000| Untracked 
| 125|0x0000000087d00000, 0x0000000087d00000, 0x0000000087e00000|  0%| F|  |TAMS 0x0000000087d00000, 0x0000000087d00000| Untracked 
| 126|0x0000000087e00000, 0x0000000087e00000, 0x0000000087f00000|  0%| F|  |TAMS 0x0000000087e00000, 0x0000000087e00000| Untracked 
| 127|0x0000000087f00000, 0x0000000087fd44a0, 0x0000000088000000| 82%| S|CS|TAMS 0x0000000087f00000, 0x0000000087f00000| Complete 
| 128|0x0000000088000000, 0x0000000088100000, 0x0000000088100000|100%| S|CS|TAMS 0x0000000088000000, 0x0000000088000000| Complete 
| 129|0x0000000088100000, 0x0000000088200000, 0x0000000088200000|100%| S|CS|TAMS 0x0000000088100000, 0x0000000088100000| Complete 
| 130|0x0000000088200000, 0x0000000088300000, 0x0000000088300000|100%| S|CS|TAMS 0x0000000088200000, 0x0000000088200000| Complete 
| 131|0x0000000088300000, 0x0000000088300000, 0x0000000088400000|  0%| F|  |TAMS 0x0000000088300000, 0x0000000088300000| Untracked 
| 132|0x0000000088400000, 0x0000000088400000, 0x0000000088500000|  0%| F|  |TAMS 0x0000000088400000, 0x0000000088400000| Untracked 
| 133|0x0000000088500000, 0x0000000088500000, 0x0000000088600000|  0%| F|  |TAMS 0x0000000088500000, 0x0000000088500000| Untracked 
| 134|0x0000000088600000, 0x0000000088600000, 0x0000000088700000|  0%| F|  |TAMS 0x0000000088600000, 0x0000000088600000| Untracked 
| 135|0x0000000088700000, 0x0000000088800000, 0x0000000088800000|100%| S|CS|TAMS 0x0000000088700000, 0x0000000088700000| Complete 
| 136|0x0000000088800000, 0x0000000088900000, 0x0000000088900000|100%| S|CS|TAMS 0x0000000088800000, 0x0000000088800000| Complete 
| 137|0x0000000088900000, 0x0000000088a00000, 0x0000000088a00000|100%| S|CS|TAMS 0x0000000088900000, 0x0000000088900000| Complete 
| 138|0x0000000088a00000, 0x0000000088b00000, 0x0000000088b00000|100%| S|CS|TAMS 0x0000000088a00000, 0x0000000088a00000| Complete 
| 139|0x0000000088b00000, 0x0000000088c00000, 0x0000000088c00000|100%| S|CS|TAMS 0x0000000088b00000, 0x0000000088b00000| Complete 
| 140|0x0000000088c00000, 0x0000000088d00000, 0x0000000088d00000|100%| S|CS|TAMS 0x0000000088c00000, 0x0000000088c00000| Complete 
| 141|0x0000000088d00000, 0x0000000088d00000, 0x0000000088e00000|  0%| F|  |TAMS 0x0000000088d00000, 0x0000000088d00000| Untracked 
| 142|0x0000000088e00000, 0x0000000088e00000, 0x0000000088f00000|  0%| F|  |TAMS 0x0000000088e00000, 0x0000000088e00000| Untracked 
| 143|0x0000000088f00000, 0x0000000088f00000, 0x0000000089000000|  0%| F|  |TAMS 0x0000000088f00000, 0x0000000088f00000| Untracked 
| 144|0x0000000089000000, 0x0000000089000000, 0x0000000089100000|  0%| F|  |TAMS 0x0000000089000000, 0x0000000089000000| Untracked 
| 145|0x0000000089100000, 0x0000000089100000, 0x0000000089200000|  0%| F|  |TAMS 0x0000000089100000, 0x0000000089100000| Untracked 
| 146|0x0000000089200000, 0x0000000089200000, 0x0000000089300000|  0%| F|  |TAMS 0x0000000089200000, 0x0000000089200000| Untracked 
| 147|0x0000000089300000, 0x0000000089400000, 0x0000000089400000|100%| S|CS|TAMS 0x0000000089300000, 0x0000000089300000| Complete 
| 148|0x0000000089400000, 0x0000000089400000, 0x0000000089500000|  0%| F|  |TAMS 0x0000000089400000, 0x0000000089400000| Untracked 
| 149|0x0000000089500000, 0x0000000089500000, 0x0000000089600000|  0%| F|  |TAMS 0x0000000089500000, 0x0000000089500000| Untracked 
| 150|0x0000000089600000, 0x0000000089600000, 0x0000000089700000|  0%| F|  |TAMS 0x0000000089600000, 0x0000000089600000| Untracked 
| 151|0x0000000089700000, 0x0000000089700000, 0x0000000089800000|  0%| F|  |TAMS 0x0000000089700000, 0x0000000089700000| Untracked 
| 152|0x0000000089800000, 0x0000000089800000, 0x0000000089900000|  0%| F|  |TAMS 0x0000000089800000, 0x0000000089800000| Untracked 
| 153|0x0000000089900000, 0x0000000089900000, 0x0000000089a00000|  0%| F|  |TAMS 0x0000000089900000, 0x0000000089900000| Untracked 
| 154|0x0000000089a00000, 0x0000000089a00000, 0x0000000089b00000|  0%| F|  |TAMS 0x0000000089a00000, 0x0000000089a00000| Untracked 
| 155|0x0000000089b00000, 0x0000000089b00000, 0x0000000089c00000|  0%| F|  |TAMS 0x0000000089b00000, 0x0000000089b00000| Untracked 
| 156|0x0000000089c00000, 0x0000000089c00000, 0x0000000089d00000|  0%| F|  |TAMS 0x0000000089c00000, 0x0000000089c00000| Untracked 
| 157|0x0000000089d00000, 0x0000000089d00000, 0x0000000089e00000|  0%| F|  |TAMS 0x0000000089d00000, 0x0000000089d00000| Untracked 
| 158|0x0000000089e00000, 0x0000000089e00000, 0x0000000089f00000|  0%| F|  |TAMS 0x0000000089e00000, 0x0000000089e00000| Untracked 
| 159|0x0000000089f00000, 0x0000000089f00000, 0x000000008a000000|  0%| F|  |TAMS 0x0000000089f00000, 0x0000000089f00000| Untracked 
| 160|0x000000008a000000, 0x000000008a000000, 0x000000008a100000|  0%| F|  |TAMS 0x000000008a000000, 0x000000008a000000| Untracked 
| 161|0x000000008a100000, 0x000000008a100000, 0x000000008a200000|  0%| F|  |TAMS 0x000000008a100000, 0x000000008a100000| Untracked 
| 162|0x000000008a200000, 0x000000008a200000, 0x000000008a300000|  0%| F|  |TAMS 0x000000008a200000, 0x000000008a200000| Untracked 
| 163|0x000000008a300000, 0x000000008a300000, 0x000000008a400000|  0%| F|  |TAMS 0x000000008a300000, 0x000000008a300000| Untracked 
| 164|0x000000008a400000, 0x000000008a400000, 0x000000008a500000|  0%| F|  |TAMS 0x000000008a400000, 0x000000008a400000| Untracked 
| 165|0x000000008a500000, 0x000000008a500000, 0x000000008a600000|  0%| F|  |TAMS 0x000000008a500000, 0x000000008a500000| Untracked 
| 166|0x000000008a600000, 0x000000008a600000, 0x000000008a700000|  0%| F|  |TAMS 0x000000008a600000, 0x000000008a600000| Untracked 
| 167|0x000000008a700000, 0x000000008a700000, 0x000000008a800000|  0%| F|  |TAMS 0x000000008a700000, 0x000000008a700000| Untracked 
| 168|0x000000008a800000, 0x000000008a800000, 0x000000008a900000|  0%| F|  |TAMS 0x000000008a800000, 0x000000008a800000| Untracked 
| 169|0x000000008a900000, 0x000000008a900000, 0x000000008aa00000|  0%| F|  |TAMS 0x000000008a900000, 0x000000008a900000| Untracked 
| 170|0x000000008aa00000, 0x000000008aa00000, 0x000000008ab00000|  0%| F|  |TAMS 0x000000008aa00000, 0x000000008aa00000| Untracked 
| 171|0x000000008ab00000, 0x000000008ab00000, 0x000000008ac00000|  0%| F|  |TAMS 0x000000008ab00000, 0x000000008ab00000| Untracked 
| 172|0x000000008ac00000, 0x000000008ac00000, 0x000000008ad00000|  0%| F|  |TAMS 0x000000008ac00000, 0x000000008ac00000| Untracked 
| 173|0x000000008ad00000, 0x000000008ad00000, 0x000000008ae00000|  0%| F|  |TAMS 0x000000008ad00000, 0x000000008ad00000| Untracked 
| 174|0x000000008ae00000, 0x000000008ae00000, 0x000000008af00000|  0%| F|  |TAMS 0x000000008ae00000, 0x000000008ae00000| Untracked 
| 175|0x000000008af00000, 0x000000008af00000, 0x000000008b000000|  0%| F|  |TAMS 0x000000008af00000, 0x000000008af00000| Untracked 
| 176|0x000000008b000000, 0x000000008b000000, 0x000000008b100000|  0%| F|  |TAMS 0x000000008b000000, 0x000000008b000000| Untracked 
| 177|0x000000008b100000, 0x000000008b100000, 0x000000008b200000|  0%| F|  |TAMS 0x000000008b100000, 0x000000008b100000| Untracked 
| 178|0x000000008b200000, 0x000000008b200000, 0x000000008b300000|  0%| F|  |TAMS 0x000000008b200000, 0x000000008b200000| Untracked 
| 179|0x000000008b300000, 0x000000008b300000, 0x000000008b400000|  0%| F|  |TAMS 0x000000008b300000, 0x000000008b300000| Untracked 
| 180|0x000000008b400000, 0x000000008b400000, 0x000000008b500000|  0%| F|  |TAMS 0x000000008b400000, 0x000000008b400000| Untracked 
| 181|0x000000008b500000, 0x000000008b500000, 0x000000008b600000|  0%| F|  |TAMS 0x000000008b500000, 0x000000008b500000| Untracked 
| 182|0x000000008b600000, 0x000000008b600000, 0x000000008b700000|  0%| F|  |TAMS 0x000000008b600000, 0x000000008b600000| Untracked 
| 183|0x000000008b700000, 0x000000008b700000, 0x000000008b800000|  0%| F|  |TAMS 0x000000008b700000, 0x000000008b700000| Untracked 
| 184|0x000000008b800000, 0x000000008b800000, 0x000000008b900000|  0%| F|  |TAMS 0x000000008b800000, 0x000000008b800000| Untracked 
| 185|0x000000008b900000, 0x000000008b900000, 0x000000008ba00000|  0%| F|  |TAMS 0x000000008b900000, 0x000000008b900000| Untracked 
| 186|0x000000008ba00000, 0x000000008ba00000, 0x000000008bb00000|  0%| F|  |TAMS 0x000000008ba00000, 0x000000008ba00000| Untracked 
| 187|0x000000008bb00000, 0x000000008bb00000, 0x000000008bc00000|  0%| F|  |TAMS 0x000000008bb00000, 0x000000008bb00000| Untracked 
| 188|0x000000008bc00000, 0x000000008bc82960, 0x000000008bd00000| 51%| E|  |TAMS 0x000000008bc00000, 0x000000008bc00000| Complete 
| 189|0x000000008bd00000, 0x000000008be00000, 0x000000008be00000|100%| E|CS|TAMS 0x000000008bd00000, 0x000000008bd00000| Complete 
| 190|0x000000008be00000, 0x000000008bf00000, 0x000000008bf00000|100%| E|CS|TAMS 0x000000008be00000, 0x000000008be00000| Complete 
| 191|0x000000008bf00000, 0x000000008c000000, 0x000000008c000000|100%| E|CS|TAMS 0x000000008bf00000, 0x000000008bf00000| Complete 
| 192|0x000000008c000000, 0x000000008c100000, 0x000000008c100000|100%| E|CS|TAMS 0x000000008c000000, 0x000000008c000000| Complete 
| 193|0x000000008c100000, 0x000000008c200000, 0x000000008c200000|100%| E|CS|TAMS 0x000000008c100000, 0x000000008c100000| Complete 
| 194|0x000000008c200000, 0x000000008c300000, 0x000000008c300000|100%| E|CS|TAMS 0x000000008c200000, 0x000000008c200000| Complete 
| 195|0x000000008c300000, 0x000000008c400000, 0x000000008c400000|100%| E|CS|TAMS 0x000000008c300000, 0x000000008c300000| Complete 
| 196|0x000000008c400000, 0x000000008c500000, 0x000000008c500000|100%| E|CS|TAMS 0x000000008c400000, 0x000000008c400000| Complete 
| 197|0x000000008c500000, 0x000000008c600000, 0x000000008c600000|100%| E|CS|TAMS 0x000000008c500000, 0x000000008c500000| Complete 
| 198|0x000000008c600000, 0x000000008c700000, 0x000000008c700000|100%| E|CS|TAMS 0x000000008c600000, 0x000000008c600000| Complete 
| 199|0x000000008c700000, 0x000000008c800000, 0x000000008c800000|100%| E|CS|TAMS 0x000000008c700000, 0x000000008c700000| Complete 
| 200|0x000000008c800000, 0x000000008c900000, 0x000000008c900000|100%| E|CS|TAMS 0x000000008c800000, 0x000000008c800000| Complete 
| 201|0x000000008c900000, 0x000000008ca00000, 0x000000008ca00000|100%| E|CS|TAMS 0x000000008c900000, 0x000000008c900000| Complete 
| 202|0x000000008ca00000, 0x000000008cb00000, 0x000000008cb00000|100%| E|CS|TAMS 0x000000008ca00000, 0x000000008ca00000| Complete 
| 203|0x000000008cb00000, 0x000000008cc00000, 0x000000008cc00000|100%| E|CS|TAMS 0x000000008cb00000, 0x000000008cb00000| Complete 
| 204|0x000000008cc00000, 0x000000008cd00000, 0x000000008cd00000|100%| E|CS|TAMS 0x000000008cc00000, 0x000000008cc00000| Complete 
| 205|0x000000008cd00000, 0x000000008ce00000, 0x000000008ce00000|100%| E|CS|TAMS 0x000000008cd00000, 0x000000008cd00000| Complete 
| 206|0x000000008ce00000, 0x000000008cf00000, 0x000000008cf00000|100%| E|CS|TAMS 0x000000008ce00000, 0x000000008ce00000| Complete 
| 207|0x000000008cf00000, 0x000000008d000000, 0x000000008d000000|100%| E|CS|TAMS 0x000000008cf00000, 0x000000008cf00000| Complete 
| 208|0x000000008d000000, 0x000000008d100000, 0x000000008d100000|100%| E|CS|TAMS 0x000000008d000000, 0x000000008d000000| Complete 
| 209|0x000000008d100000, 0x000000008d200000, 0x000000008d200000|100%| E|CS|TAMS 0x000000008d100000, 0x000000008d100000| Complete 
| 210|0x000000008d200000, 0x000000008d300000, 0x000000008d300000|100%| E|CS|TAMS 0x000000008d200000, 0x000000008d200000| Complete 
| 211|0x000000008d300000, 0x000000008d400000, 0x000000008d400000|100%| E|CS|TAMS 0x000000008d300000, 0x000000008d300000| Complete 
| 212|0x000000008d400000, 0x000000008d500000, 0x000000008d500000|100%| E|CS|TAMS 0x000000008d400000, 0x000000008d400000| Complete 
| 213|0x000000008d500000, 0x000000008d600000, 0x000000008d600000|100%| E|CS|TAMS 0x000000008d500000, 0x000000008d500000| Complete 
| 214|0x000000008d600000, 0x000000008d700000, 0x000000008d700000|100%| E|CS|TAMS 0x000000008d600000, 0x000000008d600000| Complete 
| 215|0x000000008d700000, 0x000000008d800000, 0x000000008d800000|100%| E|CS|TAMS 0x000000008d700000, 0x000000008d700000| Complete 
| 216|0x000000008d800000, 0x000000008d900000, 0x000000008d900000|100%| E|CS|TAMS 0x000000008d800000, 0x000000008d800000| Complete 
| 217|0x000000008d900000, 0x000000008da00000, 0x000000008da00000|100%| E|CS|TAMS 0x000000008d900000, 0x000000008d900000| Complete 
| 218|0x000000008da00000, 0x000000008db00000, 0x000000008db00000|100%| E|CS|TAMS 0x000000008da00000, 0x000000008da00000| Complete 
| 219|0x000000008db00000, 0x000000008dc00000, 0x000000008dc00000|100%| E|CS|TAMS 0x000000008db00000, 0x000000008db00000| Complete 
| 220|0x000000008dc00000, 0x000000008dd00000, 0x000000008dd00000|100%| E|CS|TAMS 0x000000008dc00000, 0x000000008dc00000| Complete 
| 221|0x000000008dd00000, 0x000000008de00000, 0x000000008de00000|100%| E|CS|TAMS 0x000000008dd00000, 0x000000008dd00000| Complete 
| 222|0x000000008de00000, 0x000000008df00000, 0x000000008df00000|100%| E|CS|TAMS 0x000000008de00000, 0x000000008de00000| Complete 
| 223|0x000000008df00000, 0x000000008e000000, 0x000000008e000000|100%| E|CS|TAMS 0x000000008df00000, 0x000000008df00000| Complete 
| 224|0x000000008e000000, 0x000000008e100000, 0x000000008e100000|100%| E|CS|TAMS 0x000000008e000000, 0x000000008e000000| Complete 
| 225|0x000000008e100000, 0x000000008e200000, 0x000000008e200000|100%| E|CS|TAMS 0x000000008e100000, 0x000000008e100000| Complete 
| 226|0x000000008e200000, 0x000000008e300000, 0x000000008e300000|100%| E|CS|TAMS 0x000000008e200000, 0x000000008e200000| Complete 
| 227|0x000000008e300000, 0x000000008e400000, 0x000000008e400000|100%| E|CS|TAMS 0x000000008e300000, 0x000000008e300000| Complete 
| 228|0x000000008e400000, 0x000000008e500000, 0x000000008e500000|100%| E|CS|TAMS 0x000000008e400000, 0x000000008e400000| Complete 
| 229|0x000000008e500000, 0x000000008e600000, 0x000000008e600000|100%| E|CS|TAMS 0x000000008e500000, 0x000000008e500000| Complete 
| 230|0x000000008e600000, 0x000000008e700000, 0x000000008e700000|100%| E|CS|TAMS 0x000000008e600000, 0x000000008e600000| Complete 
| 231|0x000000008e700000, 0x000000008e800000, 0x000000008e800000|100%| E|CS|TAMS 0x000000008e700000, 0x000000008e700000| Complete 
| 232|0x000000008e800000, 0x000000008e900000, 0x000000008e900000|100%| E|CS|TAMS 0x000000008e800000, 0x000000008e800000| Complete 
| 233|0x000000008e900000, 0x000000008ea00000, 0x000000008ea00000|100%| E|CS|TAMS 0x000000008e900000, 0x000000008e900000| Complete 
| 234|0x000000008ea00000, 0x000000008eb00000, 0x000000008eb00000|100%| E|CS|TAMS 0x000000008ea00000, 0x000000008ea00000| Complete 
| 235|0x000000008eb00000, 0x000000008ec00000, 0x000000008ec00000|100%| E|CS|TAMS 0x000000008eb00000, 0x000000008eb00000| Complete 
| 236|0x000000008ec00000, 0x000000008ed00000, 0x000000008ed00000|100%| E|CS|TAMS 0x000000008ec00000, 0x000000008ec00000| Complete 
| 237|0x000000008ed00000, 0x000000008ee00000, 0x000000008ee00000|100%| E|CS|TAMS 0x000000008ed00000, 0x000000008ed00000| Complete 
| 238|0x000000008ee00000, 0x000000008ef00000, 0x000000008ef00000|100%| E|CS|TAMS 0x000000008ee00000, 0x000000008ee00000| Complete 
| 239|0x000000008ef00000, 0x000000008f000000, 0x000000008f000000|100%| E|CS|TAMS 0x000000008ef00000, 0x000000008ef00000| Complete 
| 240|0x000000008f000000, 0x000000008f100000, 0x000000008f100000|100%| E|CS|TAMS 0x000000008f000000, 0x000000008f000000| Complete 
| 241|0x000000008f100000, 0x000000008f200000, 0x000000008f200000|100%| E|CS|TAMS 0x000000008f100000, 0x000000008f100000| Complete 
| 242|0x000000008f200000, 0x000000008f300000, 0x000000008f300000|100%| E|CS|TAMS 0x000000008f200000, 0x000000008f200000| Complete 
| 243|0x000000008f300000, 0x000000008f400000, 0x000000008f400000|100%| E|CS|TAMS 0x000000008f300000, 0x000000008f300000| Complete 
| 244|0x000000008f400000, 0x000000008f500000, 0x000000008f500000|100%| E|CS|TAMS 0x000000008f400000, 0x000000008f400000| Complete 
| 245|0x000000008f500000, 0x000000008f600000, 0x000000008f600000|100%| E|CS|TAMS 0x000000008f500000, 0x000000008f500000| Complete 
| 246|0x000000008f600000, 0x000000008f700000, 0x000000008f700000|100%| E|CS|TAMS 0x000000008f600000, 0x000000008f600000| Complete 
| 247|0x000000008f700000, 0x000000008f800000, 0x000000008f800000|100%| E|CS|TAMS 0x000000008f700000, 0x000000008f700000| Complete 
| 248|0x000000008f800000, 0x000000008f900000, 0x000000008f900000|100%| E|CS|TAMS 0x000000008f800000, 0x000000008f800000| Complete 
| 249|0x000000008f900000, 0x000000008fa00000, 0x000000008fa00000|100%| E|CS|TAMS 0x000000008f900000, 0x000000008f900000| Complete 
| 250|0x000000008fa00000, 0x000000008fb00000, 0x000000008fb00000|100%| E|CS|TAMS 0x000000008fa00000, 0x000000008fa00000| Complete 
| 251|0x000000008fb00000, 0x000000008fc00000, 0x000000008fc00000|100%| E|CS|TAMS 0x000000008fb00000, 0x000000008fb00000| Complete 
| 252|0x000000008fc00000, 0x000000008fd00000, 0x000000008fd00000|100%| E|CS|TAMS 0x000000008fc00000, 0x000000008fc00000| Complete 
| 253|0x000000008fd00000, 0x000000008fe00000, 0x000000008fe00000|100%| E|CS|TAMS 0x000000008fd00000, 0x000000008fd00000| Complete 
| 254|0x000000008fe00000, 0x000000008ff00000, 0x000000008ff00000|100%| E|CS|TAMS 0x000000008fe00000, 0x000000008fe00000| Complete 
| 255|0x000000008ff00000, 0x0000000090000000, 0x0000000090000000|100%| E|CS|TAMS 0x000000008ff00000, 0x000000008ff00000| Complete 
| 256|0x0000000090000000, 0x0000000090100000, 0x0000000090100000|100%| E|CS|TAMS 0x0000000090000000, 0x0000000090000000| Complete 
| 257|0x0000000090100000, 0x0000000090200000, 0x0000000090200000|100%| E|CS|TAMS 0x0000000090100000, 0x0000000090100000| Complete 
| 258|0x0000000090200000, 0x0000000090300000, 0x0000000090300000|100%| E|CS|TAMS 0x0000000090200000, 0x0000000090200000| Complete 
| 259|0x0000000090300000, 0x0000000090400000, 0x0000000090400000|100%| E|CS|TAMS 0x0000000090300000, 0x0000000090300000| Complete 
| 260|0x0000000090400000, 0x0000000090500000, 0x0000000090500000|100%| E|CS|TAMS 0x0000000090400000, 0x0000000090400000| Complete 
| 261|0x0000000090500000, 0x0000000090600000, 0x0000000090600000|100%| E|CS|TAMS 0x0000000090500000, 0x0000000090500000| Complete 
| 262|0x0000000090600000, 0x0000000090700000, 0x0000000090700000|100%| E|CS|TAMS 0x0000000090600000, 0x0000000090600000| Complete 
| 263|0x0000000090700000, 0x0000000090800000, 0x0000000090800000|100%| E|CS|TAMS 0x0000000090700000, 0x0000000090700000| Complete 
| 264|0x0000000090800000, 0x0000000090900000, 0x0000000090900000|100%| E|CS|TAMS 0x0000000090800000, 0x0000000090800000| Complete 
| 265|0x0000000090900000, 0x0000000090a00000, 0x0000000090a00000|100%| E|CS|TAMS 0x0000000090900000, 0x0000000090900000| Complete 
| 266|0x0000000090a00000, 0x0000000090b00000, 0x0000000090b00000|100%| E|CS|TAMS 0x0000000090a00000, 0x0000000090a00000| Complete 
| 267|0x0000000090b00000, 0x0000000090c00000, 0x0000000090c00000|100%| E|CS|TAMS 0x0000000090b00000, 0x0000000090b00000| Complete 
| 268|0x0000000090c00000, 0x0000000090d00000, 0x0000000090d00000|100%| E|CS|TAMS 0x0000000090c00000, 0x0000000090c00000| Complete 
| 269|0x0000000090d00000, 0x0000000090e00000, 0x0000000090e00000|100%| E|CS|TAMS 0x0000000090d00000, 0x0000000090d00000| Complete 
| 270|0x0000000090e00000, 0x0000000090f00000, 0x0000000090f00000|100%| E|CS|TAMS 0x0000000090e00000, 0x0000000090e00000| Complete 
| 271|0x0000000090f00000, 0x0000000091000000, 0x0000000091000000|100%| E|CS|TAMS 0x0000000090f00000, 0x0000000090f00000| Complete 
| 272|0x0000000091000000, 0x0000000091100000, 0x0000000091100000|100%| E|CS|TAMS 0x0000000091000000, 0x0000000091000000| Complete 
| 273|0x0000000091100000, 0x0000000091200000, 0x0000000091200000|100%| E|CS|TAMS 0x0000000091100000, 0x0000000091100000| Complete 
| 274|0x0000000091200000, 0x0000000091300000, 0x0000000091300000|100%| E|CS|TAMS 0x0000000091200000, 0x0000000091200000| Complete 
| 275|0x0000000091300000, 0x0000000091400000, 0x0000000091400000|100%| E|CS|TAMS 0x0000000091300000, 0x0000000091300000| Complete 
| 276|0x0000000091400000, 0x0000000091500000, 0x0000000091500000|100%| E|CS|TAMS 0x0000000091400000, 0x0000000091400000| Complete 
| 277|0x0000000091500000, 0x0000000091600000, 0x0000000091600000|100%| E|CS|TAMS 0x0000000091500000, 0x0000000091500000| Complete 
| 278|0x0000000091600000, 0x0000000091700000, 0x0000000091700000|100%| E|CS|TAMS 0x0000000091600000, 0x0000000091600000| Complete 
| 279|0x0000000091700000, 0x0000000091800000, 0x0000000091800000|100%| E|CS|TAMS 0x0000000091700000, 0x0000000091700000| Complete 
| 280|0x0000000091800000, 0x0000000091900000, 0x0000000091900000|100%| E|CS|TAMS 0x0000000091800000, 0x0000000091800000| Complete 
| 281|0x0000000091900000, 0x0000000091a00000, 0x0000000091a00000|100%| E|CS|TAMS 0x0000000091900000, 0x0000000091900000| Complete 
| 282|0x0000000091a00000, 0x0000000091b00000, 0x0000000091b00000|100%| E|CS|TAMS 0x0000000091a00000, 0x0000000091a00000| Complete 
| 283|0x0000000091b00000, 0x0000000091c00000, 0x0000000091c00000|100%| E|CS|TAMS 0x0000000091b00000, 0x0000000091b00000| Complete 
| 284|0x0000000091c00000, 0x0000000091d00000, 0x0000000091d00000|100%| E|CS|TAMS 0x0000000091c00000, 0x0000000091c00000| Complete 
| 285|0x0000000091d00000, 0x0000000091e00000, 0x0000000091e00000|100%| E|CS|TAMS 0x0000000091d00000, 0x0000000091d00000| Complete 
| 286|0x0000000091e00000, 0x0000000091f00000, 0x0000000091f00000|100%| E|CS|TAMS 0x0000000091e00000, 0x0000000091e00000| Complete 
| 287|0x0000000091f00000, 0x0000000092000000, 0x0000000092000000|100%| E|CS|TAMS 0x0000000091f00000, 0x0000000091f00000| Complete 
| 288|0x0000000092000000, 0x0000000092100000, 0x0000000092100000|100%| E|CS|TAMS 0x0000000092000000, 0x0000000092000000| Complete 
| 289|0x0000000092100000, 0x0000000092200000, 0x0000000092200000|100%| E|CS|TAMS 0x0000000092100000, 0x0000000092100000| Complete 
| 290|0x0000000092200000, 0x0000000092300000, 0x0000000092300000|100%| E|CS|TAMS 0x0000000092200000, 0x0000000092200000| Complete 
| 291|0x0000000092300000, 0x0000000092400000, 0x0000000092400000|100%| E|CS|TAMS 0x0000000092300000, 0x0000000092300000| Complete 
| 292|0x0000000092400000, 0x0000000092500000, 0x0000000092500000|100%| E|CS|TAMS 0x0000000092400000, 0x0000000092400000| Complete 
| 293|0x0000000092500000, 0x0000000092600000, 0x0000000092600000|100%| E|CS|TAMS 0x0000000092500000, 0x0000000092500000| Complete 
| 294|0x0000000092600000, 0x0000000092700000, 0x0000000092700000|100%| E|CS|TAMS 0x0000000092600000, 0x0000000092600000| Complete 
| 295|0x0000000092700000, 0x0000000092800000, 0x0000000092800000|100%| E|CS|TAMS 0x0000000092700000, 0x0000000092700000| Complete 
| 296|0x0000000092800000, 0x0000000092900000, 0x0000000092900000|100%| E|CS|TAMS 0x0000000092800000, 0x0000000092800000| Complete 
| 297|0x0000000092900000, 0x0000000092a00000, 0x0000000092a00000|100%| E|CS|TAMS 0x0000000092900000, 0x0000000092900000| Complete 
| 298|0x0000000092a00000, 0x0000000092b00000, 0x0000000092b00000|100%| E|CS|TAMS 0x0000000092a00000, 0x0000000092a00000| Complete 
| 299|0x0000000092b00000, 0x0000000092c00000, 0x0000000092c00000|100%| E|CS|TAMS 0x0000000092b00000, 0x0000000092b00000| Complete 
| 300|0x0000000092c00000, 0x0000000092d00000, 0x0000000092d00000|100%| E|CS|TAMS 0x0000000092c00000, 0x0000000092c00000| Complete 
| 301|0x0000000092d00000, 0x0000000092e00000, 0x0000000092e00000|100%| E|CS|TAMS 0x0000000092d00000, 0x0000000092d00000| Complete 
| 302|0x0000000092e00000, 0x0000000092f00000, 0x0000000092f00000|100%| E|CS|TAMS 0x0000000092e00000, 0x0000000092e00000| Complete 
| 303|0x0000000092f00000, 0x0000000093000000, 0x0000000093000000|100%| E|CS|TAMS 0x0000000092f00000, 0x0000000092f00000| Complete 
| 304|0x0000000093000000, 0x0000000093100000, 0x0000000093100000|100%| E|CS|TAMS 0x0000000093000000, 0x0000000093000000| Complete 
| 305|0x0000000093100000, 0x0000000093200000, 0x0000000093200000|100%| E|CS|TAMS 0x0000000093100000, 0x0000000093100000| Complete 
| 306|0x0000000093200000, 0x0000000093300000, 0x0000000093300000|100%| E|CS|TAMS 0x0000000093200000, 0x0000000093200000| Complete 
| 307|0x0000000093300000, 0x0000000093400000, 0x0000000093400000|100%| E|CS|TAMS 0x0000000093300000, 0x0000000093300000| Complete 
| 308|0x0000000093400000, 0x0000000093500000, 0x0000000093500000|100%| E|CS|TAMS 0x0000000093400000, 0x0000000093400000| Complete 
| 309|0x0000000093500000, 0x0000000093600000, 0x0000000093600000|100%| E|CS|TAMS 0x0000000093500000, 0x0000000093500000| Complete 
| 310|0x0000000093600000, 0x0000000093700000, 0x0000000093700000|100%| E|CS|TAMS 0x0000000093600000, 0x0000000093600000| Complete 
| 311|0x0000000093700000, 0x0000000093800000, 0x0000000093800000|100%| E|CS|TAMS 0x0000000093700000, 0x0000000093700000| Complete 
| 312|0x0000000093800000, 0x0000000093900000, 0x0000000093900000|100%| E|CS|TAMS 0x0000000093800000, 0x0000000093800000| Complete 
| 313|0x0000000093900000, 0x0000000093a00000, 0x0000000093a00000|100%| E|CS|TAMS 0x0000000093900000, 0x0000000093900000| Complete 
| 314|0x0000000093a00000, 0x0000000093b00000, 0x0000000093b00000|100%| E|CS|TAMS 0x0000000093a00000, 0x0000000093a00000| Complete 
| 315|0x0000000093b00000, 0x0000000093c00000, 0x0000000093c00000|100%| E|CS|TAMS 0x0000000093b00000, 0x0000000093b00000| Complete 
| 316|0x0000000093c00000, 0x0000000093d00000, 0x0000000093d00000|100%| E|CS|TAMS 0x0000000093c00000, 0x0000000093c00000| Complete 
| 317|0x0000000093d00000, 0x0000000093e00000, 0x0000000093e00000|100%| E|CS|TAMS 0x0000000093d00000, 0x0000000093d00000| Complete 
| 318|0x0000000093e00000, 0x0000000093f00000, 0x0000000093f00000|100%| E|CS|TAMS 0x0000000093e00000, 0x0000000093e00000| Complete 
| 319|0x0000000093f00000, 0x0000000094000000, 0x0000000094000000|100%| E|CS|TAMS 0x0000000093f00000, 0x0000000093f00000| Complete 
| 320|0x0000000094000000, 0x0000000094100000, 0x0000000094100000|100%| E|CS|TAMS 0x0000000094000000, 0x0000000094000000| Complete 
| 321|0x0000000094100000, 0x0000000094200000, 0x0000000094200000|100%| E|CS|TAMS 0x0000000094100000, 0x0000000094100000| Complete 
| 322|0x0000000094200000, 0x0000000094300000, 0x0000000094300000|100%| E|CS|TAMS 0x0000000094200000, 0x0000000094200000| Complete 
| 323|0x0000000094300000, 0x0000000094400000, 0x0000000094400000|100%| E|CS|TAMS 0x0000000094300000, 0x0000000094300000| Complete 
| 324|0x0000000094400000, 0x0000000094500000, 0x0000000094500000|100%| E|CS|TAMS 0x0000000094400000, 0x0000000094400000| Complete 
| 325|0x0000000094500000, 0x0000000094600000, 0x0000000094600000|100%| E|CS|TAMS 0x0000000094500000, 0x0000000094500000| Complete 
| 326|0x0000000094600000, 0x0000000094700000, 0x0000000094700000|100%| E|CS|TAMS 0x0000000094600000, 0x0000000094600000| Complete 
| 327|0x0000000094700000, 0x0000000094800000, 0x0000000094800000|100%| E|CS|TAMS 0x0000000094700000, 0x0000000094700000| Complete 
| 328|0x0000000094800000, 0x0000000094900000, 0x0000000094900000|100%| E|CS|TAMS 0x0000000094800000, 0x0000000094800000| Complete 
| 329|0x0000000094900000, 0x0000000094a00000, 0x0000000094a00000|100%| E|CS|TAMS 0x0000000094900000, 0x0000000094900000| Complete 
| 330|0x0000000094a00000, 0x0000000094b00000, 0x0000000094b00000|100%| E|CS|TAMS 0x0000000094a00000, 0x0000000094a00000| Complete 
| 331|0x0000000094b00000, 0x0000000094c00000, 0x0000000094c00000|100%| E|CS|TAMS 0x0000000094b00000, 0x0000000094b00000| Complete 
| 332|0x0000000094c00000, 0x0000000094d00000, 0x0000000094d00000|100%| E|CS|TAMS 0x0000000094c00000, 0x0000000094c00000| Complete 
| 333|0x0000000094d00000, 0x0000000094e00000, 0x0000000094e00000|100%| E|CS|TAMS 0x0000000094d00000, 0x0000000094d00000| Complete 
| 334|0x0000000094e00000, 0x0000000094f00000, 0x0000000094f00000|100%| E|CS|TAMS 0x0000000094e00000, 0x0000000094e00000| Complete 
| 335|0x0000000094f00000, 0x0000000095000000, 0x0000000095000000|100%| E|CS|TAMS 0x0000000094f00000, 0x0000000094f00000| Complete 
| 336|0x0000000095000000, 0x0000000095100000, 0x0000000095100000|100%| E|CS|TAMS 0x0000000095000000, 0x0000000095000000| Complete 
| 337|0x0000000095100000, 0x0000000095200000, 0x0000000095200000|100%| E|CS|TAMS 0x0000000095100000, 0x0000000095100000| Complete 
| 338|0x0000000095200000, 0x0000000095300000, 0x0000000095300000|100%| E|CS|TAMS 0x0000000095200000, 0x0000000095200000| Complete 
| 339|0x0000000095300000, 0x0000000095400000, 0x0000000095400000|100%| E|CS|TAMS 0x0000000095300000, 0x0000000095300000| Complete 
| 340|0x0000000095400000, 0x0000000095500000, 0x0000000095500000|100%| E|CS|TAMS 0x0000000095400000, 0x0000000095400000| Complete 
| 341|0x0000000095500000, 0x0000000095600000, 0x0000000095600000|100%| E|CS|TAMS 0x0000000095500000, 0x0000000095500000| Complete 
| 342|0x0000000095600000, 0x0000000095700000, 0x0000000095700000|100%| E|CS|TAMS 0x0000000095600000, 0x0000000095600000| Complete 
| 343|0x0000000095700000, 0x0000000095800000, 0x0000000095800000|100%| E|CS|TAMS 0x0000000095700000, 0x0000000095700000| Complete 
| 344|0x0000000095800000, 0x0000000095900000, 0x0000000095900000|100%| E|CS|TAMS 0x0000000095800000, 0x0000000095800000| Complete 
| 345|0x0000000095900000, 0x0000000095a00000, 0x0000000095a00000|100%| E|CS|TAMS 0x0000000095900000, 0x0000000095900000| Complete 
| 346|0x0000000095a00000, 0x0000000095b00000, 0x0000000095b00000|100%| E|CS|TAMS 0x0000000095a00000, 0x0000000095a00000| Complete 
| 347|0x0000000095b00000, 0x0000000095c00000, 0x0000000095c00000|100%| E|CS|TAMS 0x0000000095b00000, 0x0000000095b00000| Complete 
| 348|0x0000000095c00000, 0x0000000095d00000, 0x0000000095d00000|100%| E|CS|TAMS 0x0000000095c00000, 0x0000000095c00000| Complete 
| 349|0x0000000095d00000, 0x0000000095e00000, 0x0000000095e00000|100%| E|CS|TAMS 0x0000000095d00000, 0x0000000095d00000| Complete 
| 350|0x0000000095e00000, 0x0000000095f00000, 0x0000000095f00000|100%| E|CS|TAMS 0x0000000095e00000, 0x0000000095e00000| Complete 
| 351|0x0000000095f00000, 0x0000000096000000, 0x0000000096000000|100%| E|CS|TAMS 0x0000000095f00000, 0x0000000095f00000| Complete 
| 352|0x0000000096000000, 0x0000000096100000, 0x0000000096100000|100%| E|CS|TAMS 0x0000000096000000, 0x0000000096000000| Complete 

Card table byte_map: [0x0000021148770000,0x0000021148b70000] _byte_map_base: 0x0000021148370000

Marking Bits (Prev, Next): (CMBitMap*) 0x0000021135567460, (CMBitMap*) 0x0000021135567428
 Prev Bits: [0x000002114af70000, 0x000002114cf70000)
 Next Bits: [0x0000021148f70000, 0x000002114af70000)

Polling page: 0x0000021134cf0000

Metaspace:

Usage:
  Non-class:     43.60 MB capacity,    42.80 MB ( 98%) used,   689.32 KB (  2%) free+waste,   134.75 KB ( <1%) overhead. 
      Class:      6.71 MB capacity,     6.23 MB ( 93%) used,   434.22 KB (  6%) free+waste,    64.06 KB ( <1%) overhead. 
       Both:     50.32 MB capacity,    49.03 MB ( 97%) used,     1.10 MB (  2%) free+waste,   198.81 KB ( <1%) overhead. 

Virtual space:
  Non-class space:       44.00 MB reserved,      43.67 MB (>99%) committed 
      Class space:        1.00 GB reserved,       6.75 MB ( <1%) committed 
             Both:        1.04 GB reserved,      50.42 MB (  5%) committed 

Chunk freelists:
   Non-Class:  69.00 KB
       Class:  10.00 KB
        Both:  79.00 KB

MaxMetaspaceSize: 17179869184.00 GB
CompressedClassSpaceSize: 1.00 GB
Initial GC threshold: 20.80 MB
Current GC threshold: 84.04 MB
CDS: off

CodeHeap 'non-profiled nmethods': size=120000Kb used=5925Kb max_used=5925Kb free=114074Kb
 bounds [0x0000021140b10000, 0x00000211410e0000, 0x0000021148040000]
CodeHeap 'profiled nmethods': size=120000Kb used=13969Kb max_used=13969Kb free=106030Kb
 bounds [0x00000211395e0000, 0x000002113a390000, 0x0000021140b10000]
CodeHeap 'non-nmethods': size=5760Kb used=2296Kb max_used=2387Kb free=3463Kb
 bounds [0x0000021139040000, 0x00000211392b0000, 0x00000211395e0000]
 total_blobs=6979 nmethods=6180 adapters=709
 compilation: enabled
              stopped_count=0, restarted_count=0
 full_count=0

Compilation events (20 events):
Event: 82.677 Thread 0x000002114f9d7000 nmethod 6264 0x00000211410d3890 code [0x00000211410d3aa0, 0x00000211410d47d0]
Event: 82.691 Thread 0x000002114f9d7000 6265       4       org.apache.tools.zip.ZipOutputStream::writeDeflated (129 bytes)
Event: 82.728 Thread 0x000002114f9d7000 nmethod 6265 0x00000211410d4e90 code [0x00000211410d5080, 0x00000211410d6288]
Event: 82.817 Thread 0x000002114f9d7000 6266       4       java.util.HashSet::iterator (13 bytes)
Event: 82.817 Thread 0x000002114f9d8000 6267       3       java.util.LinkedHashMap::<init> (12 bytes)
Event: 82.818 Thread 0x000002114f9d8000 nmethod 6267 0x000002113a37c710 code [0x000002113a37c8c0, 0x000002113a37ca08]
Event: 82.835 Thread 0x000002114f9d7000 nmethod 6266 0x00000211410d6910 code [0x00000211410d6b00, 0x00000211410d7258]
Event: 82.842 Thread 0x000002114f9d7000 6268       4       org.objectweb.asm.MethodVisitor::visitTableSwitchInsn (20 bytes)
Event: 82.844 Thread 0x000002114f9d7000 nmethod 6268 0x00000211410d7590 code [0x00000211410d7760, 0x00000211410d78e8]
Event: 83.070 Thread 0x000002114f9d7000 6269       4       java.util.concurrent.locks.AbstractQueuedSynchronizer$ConditionObject::addConditionWaiter (79 bytes)
Event: 83.078 Thread 0x000002114f9d7000 nmethod 6269 0x00000211410d7a90 code [0x00000211410d7c40, 0x00000211410d8218]
Event: 83.320 Thread 0x000002114f9d7000 6270   !   4       java.util.concurrent.locks.AbstractQueuedSynchronizer::acquireQueued (74 bytes)
Event: 83.328 Thread 0x000002114f9d7000 nmethod 6270 0x00000211410d8390 code [0x00000211410d8560, 0x00000211410d8c58]
Event: 83.538 Thread 0x000002114f9d7000 6271       4       java.util.concurrent.locks.AbstractQueuedSynchronizer::enq (37 bytes)
Event: 83.542 Thread 0x000002114f9d7000 nmethod 6271 0x00000211410d8f10 code [0x00000211410d90c0, 0x00000211410d9408]
Event: 84.267 Thread 0x000002114f9d8000 6272       3       org.objectweb.asm.ClassReader::readElementValue (1237 bytes)
Event: 84.273 Thread 0x000002114f9d8000 nmethod 6272 0x000002113a37ca90 code [0x000002113a37d260, 0x000002113a382168]
Event: 84.302 Thread 0x000002114f9d8000 6273       3       org.objectweb.asm.ClassWriter::visitNestHost (16 bytes)
Event: 84.302 Thread 0x000002114f9d8000 nmethod 6273 0x000002113a384290 code [0x000002113a384460, 0x000002113a384628]
Event: 84.388 Thread 0x000002114f9d7000 6274       4       org.objectweb.asm.ClassReader::readElementValue (1237 bytes)

GC Heap History (20 events):
Event: 80.566 GC heap before
{Heap before GC invocations=125 (full 0):
 garbage-first heap   total 208896K, used 163768K [0x0000000080000000, 0x0000000100000000)
  region size 1024K, 60 young (61440K), 6 survivors (6144K)
 Metaspace       used 50200K, capacity 51524K, committed 51632K, reserved 1093632K
  class space    used 6374K, capacity 6873K, committed 6912K, reserved 1048576K
}
Event: 80.574 GC heap after
{Heap after GC invocations=126 (full 0):
 garbage-first heap   total 250880K, used 104531K [0x0000000080000000, 0x0000000100000000)
  region size 1024K, 5 young (5120K), 5 survivors (5120K)
 Metaspace       used 50200K, capacity 51524K, committed 51632K, reserved 1093632K
  class space    used 6374K, capacity 6873K, committed 6912K, reserved 1048576K
}
Event: 80.869 GC heap before
{Heap before GC invocations=127 (full 0):
 garbage-first heap   total 250880K, used 205907K [0x0000000080000000, 0x0000000100000000)
  region size 1024K, 101 young (103424K), 5 survivors (5120K)
 Metaspace       used 50200K, capacity 51524K, committed 51632K, reserved 1093632K
  class space    used 6374K, capacity 6873K, committed 6912K, reserved 1048576K
}
Event: 80.873 GC heap after
{Heap after GC invocations=128 (full 0):
 garbage-first heap   total 250880K, used 100736K [0x0000000080000000, 0x0000000100000000)
  region size 1024K, 4 young (4096K), 4 survivors (4096K)
 Metaspace       used 50200K, capacity 51524K, committed 51632K, reserved 1093632K
  class space    used 6374K, capacity 6873K, committed 6912K, reserved 1048576K
}
Event: 80.891 GC heap before
{Heap before GC invocations=128 (full 0):
 garbage-first heap   total 250880K, used 108928K [0x0000000080000000, 0x0000000100000000)
  region size 1024K, 12 young (12288K), 4 survivors (4096K)
 Metaspace       used 50200K, capacity 51524K, committed 51632K, reserved 1093632K
  class space    used 6374K, capacity 6873K, committed 6912K, reserved 1048576K
}
Event: 80.894 GC heap after
{Heap after GC invocations=129 (full 0):
 garbage-first heap   total 250880K, used 97744K [0x0000000080000000, 0x0000000100000000)
  region size 1024K, 2 young (2048K), 2 survivors (2048K)
 Metaspace       used 50200K, capacity 51524K, committed 51632K, reserved 1093632K
  class space    used 6374K, capacity 6873K, committed 6912K, reserved 1048576K
}
Event: 81.181 GC heap before
{Heap before GC invocations=129 (full 0):
 garbage-first heap   total 250880K, used 203216K [0x0000000080000000, 0x0000000100000000)
  region size 1024K, 105 young (107520K), 2 survivors (2048K)
 Metaspace       used 50200K, capacity 51524K, committed 51632K, reserved 1093632K
  class space    used 6374K, capacity 6873K, committed 6912K, reserved 1048576K
}
Event: 81.184 GC heap after
{Heap after GC invocations=130 (full 0):
 garbage-first heap   total 250880K, used 98786K [0x0000000080000000, 0x0000000100000000)
  region size 1024K, 3 young (3072K), 3 survivors (3072K)
 Metaspace       used 50200K, capacity 51524K, committed 51632K, reserved 1093632K
  class space    used 6374K, capacity 6873K, committed 6912K, reserved 1048576K
}
Event: 81.401 GC heap before
{Heap before GC invocations=130 (full 0):
 garbage-first heap   total 250880K, used 206306K [0x0000000080000000, 0x0000000100000000)
  region size 1024K, 108 young (110592K), 3 survivors (3072K)
 Metaspace       used 50201K, capacity 51524K, committed 51632K, reserved 1093632K
  class space    used 6374K, capacity 6873K, committed 6912K, reserved 1048576K
}
Event: 81.409 GC heap after
{Heap after GC invocations=131 (full 0):
 garbage-first heap   total 301056K, used 100346K [0x0000000080000000, 0x0000000100000000)
  region size 1024K, 4 young (4096K), 4 survivors (4096K)
 Metaspace       used 50201K, capacity 51524K, committed 51632K, reserved 1093632K
  class space    used 6374K, capacity 6873K, committed 6912K, reserved 1048576K
}
Event: 82.088 GC heap before
{Heap before GC invocations=131 (full 0):
 garbage-first heap   total 301056K, used 241658K [0x0000000080000000, 0x0000000100000000)
  region size 1024K, 142 young (145408K), 4 survivors (4096K)
 Metaspace       used 50201K, capacity 51524K, committed 51632K, reserved 1093632K
  class space    used 6374K, capacity 6873K, committed 6912K, reserved 1048576K
}
Event: 82.093 GC heap after
{Heap after GC invocations=132 (full 0):
 garbage-first heap   total 301056K, used 101320K [0x0000000080000000, 0x0000000100000000)
  region size 1024K, 5 young (5120K), 5 survivors (5120K)
 Metaspace       used 50201K, capacity 51524K, committed 51632K, reserved 1093632K
  class space    used 6374K, capacity 6873K, committed 6912K, reserved 1048576K
}
Event: 82.707 GC heap before
{Heap before GC invocations=132 (full 0):
 garbage-first heap   total 301056K, used 250824K [0x0000000080000000, 0x0000000100000000)
  region size 1024K, 146 young (149504K), 5 survivors (5120K)
 Metaspace       used 50201K, capacity 51524K, committed 51632K, reserved 1093632K
  class space    used 6374K, capacity 6873K, committed 6912K, reserved 1048576K
}
Event: 82.715 GC heap after
{Heap after GC invocations=133 (full 0):
 garbage-first heap   total 301056K, used 103497K [0x0000000080000000, 0x0000000100000000)
  region size 1024K, 7 young (7168K), 7 survivors (7168K)
 Metaspace       used 50201K, capacity 51524K, committed 51632K, reserved 1093632K
  class space    used 6374K, capacity 6873K, committed 6912K, reserved 1048576K
}
Event: 83.156 GC heap before
{Heap before GC invocations=133 (full 0):
 garbage-first heap   total 301056K, used 259145K [0x0000000080000000, 0x0000000100000000)
  region size 1024K, 150 young (153600K), 7 survivors (7168K)
 Metaspace       used 50201K, capacity 51524K, committed 51632K, reserved 1093632K
  class space    used 6374K, capacity 6873K, committed 6912K, reserved 1048576K
}
Event: 83.163 GC heap after
{Heap after GC invocations=134 (full 0):
 garbage-first heap   total 301056K, used 104801K [0x0000000080000000, 0x0000000100000000)
  region size 1024K, 9 young (9216K), 9 survivors (9216K)
 Metaspace       used 50201K, capacity 51524K, committed 51632K, reserved 1093632K
  class space    used 6374K, capacity 6873K, committed 6912K, reserved 1048576K
}
Event: 83.510 GC heap before
{Heap before GC invocations=134 (full 0):
 garbage-first heap   total 301056K, used 252257K [0x0000000080000000, 0x0000000100000000)
  region size 1024K, 153 young (156672K), 9 survivors (9216K)
 Metaspace       used 50201K, capacity 51524K, committed 51632K, reserved 1093632K
  class space    used 6374K, capacity 6873K, committed 6912K, reserved 1048576K
}
Event: 83.524 GC heap after
{Heap after GC invocations=135 (full 0):
 garbage-first heap   total 301056K, used 106402K [0x0000000080000000, 0x0000000100000000)
  region size 1024K, 10 young (10240K), 10 survivors (10240K)
 Metaspace       used 50201K, capacity 51524K, committed 51632K, reserved 1093632K
  class space    used 6374K, capacity 6873K, committed 6912K, reserved 1048576K
}
Event: 84.003 GC heap before
{Heap before GC invocations=135 (full 0):
 garbage-first heap   total 301056K, used 258978K [0x0000000080000000, 0x0000000100000000)
  region size 1024K, 156 young (159744K), 10 survivors (10240K)
 Metaspace       used 50201K, capacity 51524K, committed 51632K, reserved 1093632K
  class space    used 6374K, capacity 6873K, committed 6912K, reserved 1048576K
}
Event: 84.015 GC heap after
{Heap after GC invocations=136 (full 0):
 garbage-first heap   total 361472K, used 108579K [0x0000000080000000, 0x0000000100000000)
  region size 1024K, 11 young (11264K), 11 survivors (11264K)
 Metaspace       used 50201K, capacity 51524K, committed 51632K, reserved 1093632K
  class space    used 6374K, capacity 6873K, committed 6912K, reserved 1048576K
}

Deoptimization events (20 events):
Event: 80.383 Thread 0x0000021151e75800 Uncommon trap: trap_request=0xffffff4d fr.pc=0x0000021140d59bec relative=0x0000000000000e6c
Event: 80.383 Thread 0x0000021151e75800 Uncommon trap: reason=unstable_if action=reinterpret pc=0x0000021140d59bec method=java.lang.String.equals(Ljava/lang/Object;)Z @ 34 c2
Event: 80.383 Thread 0x0000021151e75800 DEOPT PACKING pc=0x0000021140d59bec sp=0x0000004909efe1b0
Event: 80.383 Thread 0x0000021151e75800 DEOPT UNPACKING pc=0x000002113908a1af sp=0x0000004909efe130 mode 2
Event: 80.383 Thread 0x0000021151e75800 Uncommon trap: trap_request=0xffffff4d fr.pc=0x0000021140f96acc relative=0x00000000000001ac
Event: 80.384 Thread 0x0000021151e75800 Uncommon trap: reason=unstable_if action=reinterpret pc=0x0000021140f96acc method=java.lang.String.equals(Ljava/lang/Object;)Z @ 34 c2
Event: 80.384 Thread 0x0000021151e75800 DEOPT PACKING pc=0x0000021140f96acc sp=0x0000004909efe090
Event: 80.384 Thread 0x0000021151e75800 DEOPT UNPACKING pc=0x000002113908a1af sp=0x0000004909efe038 mode 2
Event: 80.799 Thread 0x0000021151e3a000 DEOPT PACKING pc=0x000002113a26660e sp=0x000000490a3fe490
Event: 80.799 Thread 0x0000021151e3a000 DEOPT UNPACKING pc=0x000002113908a95e sp=0x000000490a3fd9a0 mode 0
Event: 82.210 Thread 0x0000021151e3a000 Uncommon trap: trap_request=0xffffff4d fr.pc=0x0000021140fad710 relative=0x0000000000001e50
Event: 82.210 Thread 0x0000021151e3a000 Uncommon trap: reason=unstable_if action=reinterpret pc=0x0000021140fad710 method=org.apache.tools.zip.ZipOutputStream.writeDeflated([BII)V @ 105 c2
Event: 82.210 Thread 0x0000021151e3a000 DEOPT PACKING pc=0x0000021140fad710 sp=0x000000490a3fe200
Event: 82.210 Thread 0x0000021151e3a000 DEOPT UNPACKING pc=0x000002113908a1af sp=0x000000490a3fe1e8 mode 2
Event: 82.564 Thread 0x0000021151e3a000 DEOPT PACKING pc=0x000002113a37a50d sp=0x000000490a3fe200
Event: 82.564 Thread 0x0000021151e3a000 DEOPT UNPACKING pc=0x000002113908a95e sp=0x000000490a3fd688 mode 0
Event: 84.261 Thread 0x0000021151e3a000 Uncommon trap: trap_request=0xffffff4d fr.pc=0x00000211410b9034 relative=0x00000000000021b4
Event: 84.261 Thread 0x0000021151e3a000 Uncommon trap: reason=unstable_if action=reinterpret pc=0x00000211410b9034 method=org.objectweb.asm.ClassReader.readElementValue(Lorg/objectweb/asm/AnnotationVisitor;ILjava/lang/String;[C)I @ 102 c2
Event: 84.261 Thread 0x0000021151e3a000 DEOPT PACKING pc=0x00000211410b9034 sp=0x000000490a3fe110
Event: 84.261 Thread 0x0000021151e3a000 DEOPT UNPACKING pc=0x000002113908a1af sp=0x000000490a3fe0b0 mode 2

Classes redefined (0 events):
No events

Internal exceptions (20 events):
Event: 63.416 Thread 0x0000021151e3a000 Exception <a 'sun/nio/fs/WindowsException'{0x00000000890ca030}> (0x00000000890ca030) thrown at [src/hotspot/share/prims/jni.cpp, line 617]
Event: 63.417 Thread 0x0000021151e3b800 Exception <a 'sun/nio/fs/WindowsException'{0x0000000088dbce58}> (0x0000000088dbce58) thrown at [src/hotspot/share/prims/jni.cpp, line 617]
Event: 63.418 Thread 0x0000021151e3a800 Implicit null exception at 0x0000021140e88a00 to 0x0000021140e8968c
Event: 63.419 Thread 0x0000021151e3a800 Implicit null exception at 0x0000021140eb65f0 to 0x0000021140eb7250
Event: 63.428 Thread 0x0000021151e79000 Exception <a 'sun/nio/fs/WindowsException'{0x000000008875fee8}> (0x000000008875fee8) thrown at [src/hotspot/share/prims/jni.cpp, line 617]
Event: 63.430 Thread 0x0000021151e3b800 Exception <a 'sun/nio/fs/WindowsException'{0x0000000088dbd020}> (0x0000000088dbd020) thrown at [src/hotspot/share/prims/jni.cpp, line 617]
Event: 63.430 Thread 0x0000021151e79000 Exception <a 'sun/nio/fs/WindowsException'{0x0000000088760058}> (0x0000000088760058) thrown at [src/hotspot/share/prims/jni.cpp, line 617]
Event: 63.430 Thread 0x0000021151e37800 Exception <a 'sun/nio/fs/WindowsException'{0x000000008869a318}> (0x000000008869a318) thrown at [src/hotspot/share/prims/jni.cpp, line 617]
Event: 63.431 Thread 0x0000021151e37800 Exception <a 'sun/nio/fs/WindowsException'{0x000000008869a4c8}> (0x000000008869a4c8) thrown at [src/hotspot/share/prims/jni.cpp, line 617]
Event: 63.456 Thread 0x0000021151e39000 Exception <a 'sun/nio/fs/WindowsException'{0x00000000877f7f70}> (0x00000000877f7f70) thrown at [src/hotspot/share/prims/jni.cpp, line 617]
Event: 63.465 Thread 0x0000021151e75800 Exception <a 'sun/nio/fs/WindowsException'{0x000000008727acd8}> (0x000000008727acd8) thrown at [src/hotspot/share/prims/jni.cpp, line 617]
Event: 63.519 Thread 0x0000021151e3a800 Exception <a 'sun/nio/fs/WindowsException'{0x000000008beed768}> (0x000000008beed768) thrown at [src/hotspot/share/prims/jni.cpp, line 617]
Event: 63.533 Thread 0x0000021151e3a800 Exception <a 'sun/nio/fs/WindowsException'{0x000000008beed930}> (0x000000008beed930) thrown at [src/hotspot/share/prims/jni.cpp, line 617]
Event: 63.720 Thread 0x0000021151e3a000 Exception <a 'sun/nio/fs/WindowsException'{0x000000008c831fb8}> (0x000000008c831fb8) thrown at [src/hotspot/share/prims/jni.cpp, line 617]
Event: 66.607 Thread 0x0000021151e78000 Exception <a 'sun/nio/fs/WindowsException'{0x000000008c000458}> (0x000000008c000458) thrown at [src/hotspot/share/prims/jni.cpp, line 617]
Event: 66.617 Thread 0x0000021151e78000 Exception <a 'sun/nio/fs/WindowsException'{0x000000008c0e9da0}> (0x000000008c0e9da0) thrown at [src/hotspot/share/prims/jni.cpp, line 617]
Event: 80.437 Thread 0x0000021151e39000 Exception <a 'sun/nio/fs/WindowsException'{0x000000008b0542a8}> (0x000000008b0542a8) thrown at [src/hotspot/share/prims/jni.cpp, line 617]
Event: 80.438 Thread 0x0000021151e39000 Exception <a 'sun/nio/fs/WindowsException'{0x000000008b054430}> (0x000000008b054430) thrown at [src/hotspot/share/prims/jni.cpp, line 617]
Event: 80.685 Thread 0x0000021151e75800 Exception <a 'sun/nio/fs/WindowsException'{0x000000008d965c88}> (0x000000008d965c88) thrown at [src/hotspot/share/prims/jni.cpp, line 617]
Event: 80.726 Thread 0x0000021151e75800 Exception <a 'sun/nio/fs/WindowsException'{0x000000008d965e38}> (0x000000008d965e38) thrown at [src/hotspot/share/prims/jni.cpp, line 617]

Events (20 events):
Event: 80.666 Executing VM operation: CGC_Operation
Event: 80.666 Executing VM operation: CGC_Operation done
Event: 80.869 Executing VM operation: G1CollectForAllocation
Event: 80.873 Executing VM operation: G1CollectForAllocation done
Event: 80.891 Executing VM operation: G1CollectForAllocation
Event: 80.894 Executing VM operation: G1CollectForAllocation done
Event: 81.181 Executing VM operation: G1CollectForAllocation
Event: 81.185 Executing VM operation: G1CollectForAllocation done
Event: 81.401 Executing VM operation: G1CollectForAllocation
Event: 81.409 Executing VM operation: G1CollectForAllocation done
Event: 82.088 Executing VM operation: G1CollectForAllocation
Event: 82.093 Executing VM operation: G1CollectForAllocation done
Event: 82.707 Executing VM operation: G1CollectForAllocation
Event: 82.715 Executing VM operation: G1CollectForAllocation done
Event: 83.156 Executing VM operation: G1CollectForAllocation
Event: 83.163 Executing VM operation: G1CollectForAllocation done
Event: 83.510 Executing VM operation: G1CollectForAllocation
Event: 83.524 Executing VM operation: G1CollectForAllocation done
Event: 84.003 Executing VM operation: G1CollectForAllocation
Event: 84.016 Executing VM operation: G1CollectForAllocation done


Dynamic libraries:
0x00007ff66e490000 - 0x00007ff66e49a000 	C:\Program Files\Android\Android Studio5\jbr\bin\java.exe
0x00007ffc36780000 - 0x00007ffc36989000 	C:\WINDOWS\SYSTEM32\ntdll.dll
0x00007ffc34e40000 - 0x00007ffc34efe000 	C:\WINDOWS\System32\KERNEL32.DLL
0x00007ffc33e60000 - 0x00007ffc341dc000 	C:\WINDOWS\System32\KERNELBASE.dll
0x00007ffc311b0000 - 0x00007ffc31241000 	C:\WINDOWS\SYSTEM32\apphelp.dll
0x00007ffc34250000 - 0x00007ffc34361000 	C:\WINDOWS\System32\ucrtbase.dll
0x00007ffc21f00000 - 0x00007ffc21f17000 	C:\Program Files\Android\Android Studio5\jbr\bin\jli.dll
0x00007ffc35280000 - 0x00007ffc3542d000 	C:\WINDOWS\System32\USER32.dll
0x00007ffc33c50000 - 0x00007ffc33c76000 	C:\WINDOWS\System32\win32u.dll
0x00007ffc36710000 - 0x00007ffc36739000 	C:\WINDOWS\System32\GDI32.dll
0x00007ffc34370000 - 0x00007ffc34488000 	C:\WINDOWS\System32\gdi32full.dll
0x00007ffc33c80000 - 0x00007ffc33d1d000 	C:\WINDOWS\System32\msvcp_win.dll
0x00007ffc14c90000 - 0x00007ffc14f35000 	C:\WINDOWS\WinSxS\amd64_microsoft.windows.common-controls_6595b64144ccf1df_6.0.22000.120_none_9d947278b86cc467\COMCTL32.dll
0x00007ffc35910000 - 0x00007ffc359b3000 	C:\WINDOWS\System32\msvcrt.dll
0x00007ffc21ee0000 - 0x00007ffc21efb000 	C:\Program Files\Android\Android Studio5\jbr\bin\VCRUNTIME140.dll
0x00007ffc356d0000 - 0x00007ffc35702000 	C:\WINDOWS\System32\IMM32.DLL
0x00007ffc27240000 - 0x00007ffc2724c000 	C:\Program Files\Android\Android Studio5\jbr\bin\vcruntime140_1.dll
0x00007ffbf9300000 - 0x00007ffbf938d000 	C:\Program Files\Android\Android Studio5\jbr\bin\msvcp140.dll
0x00007ffbddbb0000 - 0x00007ffbde76c000 	C:\Program Files\Android\Android Studio5\jbr\bin\server\jvm.dll
0x00007ffc34910000 - 0x00007ffc349be000 	C:\WINDOWS\System32\ADVAPI32.dll
0x00007ffc359c0000 - 0x00007ffc35a5e000 	C:\WINDOWS\System32\sechost.dll
0x00007ffc35710000 - 0x00007ffc35830000 	C:\WINDOWS\System32\RPCRT4.dll
0x00007ffc20b60000 - 0x00007ffc20b93000 	C:\WINDOWS\SYSTEM32\WINMM.dll
0x00007ffc34600000 - 0x00007ffc34608000 	C:\WINDOWS\System32\PSAPI.DLL
0x00007ffc20940000 - 0x00007ffc2094a000 	C:\WINDOWS\SYSTEM32\VERSION.dll
0x00007ffc31110000 - 0x00007ffc31119000 	C:\WINDOWS\SYSTEM32\WSOCK32.dll
0x00007ffc349c0000 - 0x00007ffc34a2f000 	C:\WINDOWS\System32\WS2_32.dll
0x00007ffc32cd0000 - 0x00007ffc32ce8000 	C:\WINDOWS\SYSTEM32\kernel.appcore.dll
0x00007ffc300a0000 - 0x00007ffc300b0000 	C:\Program Files\Android\Android Studio5\jbr\bin\verify.dll
0x00007ffc2f6c0000 - 0x00007ffc2f8e1000 	C:\WINDOWS\SYSTEM32\DBGHELP.DLL
0x00007ffc2f660000 - 0x00007ffc2f691000 	C:\WINDOWS\SYSTEM32\dbgcore.DLL
0x00007ffc33de0000 - 0x00007ffc33e5f000 	C:\WINDOWS\System32\bcryptPrimitives.dll
0x00007ffc27060000 - 0x00007ffc27088000 	C:\Program Files\Android\Android Studio5\jbr\bin\java.dll
0x00007ffc284f0000 - 0x00007ffc284fa000 	C:\Program Files\Android\Android Studio5\jbr\bin\jimage.dll
0x00007ffc27300000 - 0x00007ffc27318000 	C:\Program Files\Android\Android Studio5\jbr\bin\zip.dll
0x00007ffc35f40000 - 0x00007ffc36705000 	C:\WINDOWS\System32\SHELL32.dll
0x00007ffc31d40000 - 0x00007ffc325a5000 	C:\WINDOWS\SYSTEM32\windows.storage.dll
0x00007ffc34f00000 - 0x00007ffc35278000 	C:\WINDOWS\System32\combase.dll
0x00007ffc31bd0000 - 0x00007ffc31d36000 	C:\WINDOWS\SYSTEM32\wintypes.dll
0x00007ffc34a30000 - 0x00007ffc34b1a000 	C:\WINDOWS\System32\SHCORE.dll
0x00007ffc35530000 - 0x00007ffc3558d000 	C:\WINDOWS\System32\shlwapi.dll
0x00007ffc33b80000 - 0x00007ffc33ba1000 	C:\WINDOWS\SYSTEM32\profapi.dll
0x00007ffc272d0000 - 0x00007ffc272e9000 	C:\Program Files\Android\Android Studio5\jbr\bin\net.dll
0x00007ffc2d320000 - 0x00007ffc2d434000 	C:\WINDOWS\SYSTEM32\WINHTTP.dll
0x00007ffc33170000 - 0x00007ffc331d7000 	C:\WINDOWS\system32\mswsock.dll
0x00007ffc27140000 - 0x00007ffc27153000 	C:\Program Files\Android\Android Studio5\jbr\bin\nio.dll
0x00007ffc1c090000 - 0x00007ffc1c0b7000 	C:\Users\DeLL\.gradle\native\e1d6ef7f7dcc3fd88c89a11ec53ec762bb8ba0a96d01ffa2cd45eb1d1d8dd5c5\windows-amd64\native-platform.dll
0x00007ffbf0eb0000 - 0x00007ffbf0ff4000 	C:\Users\DeLL\.gradle\native\5664cfc778a61ccfe75a443a1ab52a65af34e5dc3c78e0209fed803814484fcb\windows-amd64\native-platform-file-events.dll
0x00007ffc284e0000 - 0x00007ffc284ea000 	C:\Program Files\Android\Android Studio5\jbr\bin\management.dll
0x00007ffc28450000 - 0x00007ffc2845b000 	C:\Program Files\Android\Android Studio5\jbr\bin\management_ext.dll
0x00007ffc333b0000 - 0x00007ffc333c8000 	C:\WINDOWS\SYSTEM32\CRYPTSP.dll
0x00007ffc32c30000 - 0x00007ffc32c65000 	C:\WINDOWS\system32\rsaenh.dll
0x00007ffc33260000 - 0x00007ffc33289000 	C:\WINDOWS\SYSTEM32\USERENV.dll
0x00007ffc33540000 - 0x00007ffc33567000 	C:\WINDOWS\SYSTEM32\bcrypt.dll
0x00007ffc333d0000 - 0x00007ffc333dc000 	C:\WINDOWS\SYSTEM32\CRYPTBASE.dll
0x00007ffc32800000 - 0x00007ffc3282d000 	C:\WINDOWS\SYSTEM32\IPHLPAPI.DLL
0x00007ffc356c0000 - 0x00007ffc356c9000 	C:\WINDOWS\System32\NSI.dll
0x00007ffc2d300000 - 0x00007ffc2d319000 	C:\WINDOWS\SYSTEM32\dhcpcsvc6.DLL
0x00007ffc2e6d0000 - 0x00007ffc2e6ee000 	C:\WINDOWS\SYSTEM32\dhcpcsvc.DLL
0x00007ffc32830000 - 0x00007ffc32918000 	C:\WINDOWS\SYSTEM32\DNSAPI.dll

dbghelp: loaded successfully - version: 4.0.5 - missing functions: none
symbol engine: initialized successfully - sym options: 0x614 - pdb path: .;C:\Program Files\Android\Android Studio5\jbr\bin;C:\WINDOWS\SYSTEM32;C:\WINDOWS\WinSxS\amd64_microsoft.windows.common-controls_6595b64144ccf1df_6.0.22000.120_none_9d947278b86cc467;C:\Program Files\Android\Android Studio5\jbr\bin\server;C:\Users\DeLL\.gradle\native\e1d6ef7f7dcc3fd88c89a11ec53ec762bb8ba0a96d01ffa2cd45eb1d1d8dd5c5\windows-amd64;C:\Users\DeLL\.gradle\native\5664cfc778a61ccfe75a443a1ab52a65af34e5dc3c78e0209fed803814484fcb\windows-amd64

VM Arguments:
jvm_args: --add-opens=java.base/java.util=ALL-UNNAMED --add-opens=java.base/java.lang=ALL-UNNAMED --add-opens=java.base/java.lang.invoke=ALL-UNNAMED --add-opens=java.base/java.util=ALL-UNNAMED --add-opens=java.prefs/java.util.prefs=ALL-UNNAMED --add-opens=java.prefs/java.util.prefs=ALL-UNNAMED --add-opens=java.base/java.nio.charset=ALL-UNNAMED --add-opens=java.base/java.net=ALL-UNNAMED --add-opens=java.base/java.util.concurrent.atomic=ALL-UNNAMED -Xmx2048m -Dfile.encoding=UTF-8 -Duser.country=IN -Duser.language=en -Duser.variant 
java_command: org.gradle.launcher.daemon.bootstrap.GradleDaemon 7.3.3
java_class_path (initial): C:\Users\DeLL\.gradle\wrapper\dists\gradle-7.3.3-bin\6a41zxkdtcxs8rphpq6y0069z\gradle-7.3.3\lib\gradle-launcher-7.3.3.jar
Launcher Type: SUN_STANDARD

[Global flags]
     intx CICompilerCount                          = 4                                         {product} {ergonomic}
     uint ConcGCThreads                            = 2                                         {product} {ergonomic}
     uint G1ConcRefinementThreads                  = 8                                         {product} {ergonomic}
   size_t G1HeapRegionSize                         = 1048576                                   {product} {ergonomic}
    uintx GCDrainStackTargetSize                   = 64                                        {product} {ergonomic}
   size_t InitialHeapSize                          = 67108864                                  {product} {ergonomic}
   size_t MarkStackSize                            = 4194304                                   {product} {ergonomic}
   size_t MaxHeapSize                              = 2147483648                                {product} {command line}
   size_t MaxNewSize                               = 1287651328                                {product} {ergonomic}
   size_t MinHeapDeltaBytes                        = 1048576                                   {product} {ergonomic}
    uintx NonNMethodCodeHeapSize                   = 5836300                                {pd product} {ergonomic}
    uintx NonProfiledCodeHeapSize                  = 122910970                              {pd product} {ergonomic}
    uintx ProfiledCodeHeapSize                     = 122910970                              {pd product} {ergonomic}
    uintx ReservedCodeCacheSize                    = 251658240                              {pd product} {ergonomic}
     bool SegmentedCodeCache                       = true                                      {product} {ergonomic}
     bool UseCompressedClassPointers               = true                                 {lp64_product} {ergonomic}
     bool UseCompressedOops                        = true                                 {lp64_product} {ergonomic}
     bool UseG1GC                                  = true                                      {product} {ergonomic}
     bool UseLargePagesIndividualAllocation        = false                                  {pd product} {ergonomic}

Logging:
Log output configuration:
 #0: stdout all=warning uptime,level,tags
 #1: stderr all=off uptime,level,tags

Environment Variables:
PATH=C:\Program Files\Eclipse Adoptium\jdk-17.0.5.8-hotspot\bin;C:\Python310\Scripts\;C:\Python310\;C:\Program Files\Common Files\Oracle\Java\javapath;C:\ProgramData\Oracle\Java\javapath;C:\WINDOWS\system32;C:\WINDOWS;C:\WINDOWS\System32\Wbem;C:\WINDOWS\System32\WindowsPowerShell\v1.0\;C:\WINDOWS\System32\OpenSSH\;C:\Program Files\Java\jdk-16.0.1\bin;C:\Program Files\Git\cmd;C:\ProgramData\chocolatey\bin;C:\Program Files\Microsoft VS Code\bin;C:\Program Files\nodejs\;C:\MinGW\bin;C:\Users\DeLL\AppData\Local\Programs\Python\Python39\Scripts\;C:\Users\DeLL\AppData\Local\Programs\Python\Python39\;C:\Program Files\JetBrains\PyCharm 2021.1.3\python\PyCharm 2021.1.3\bin;;C:\Users\DeLL\AppData\Local\Microsoft\WindowsApps;C:\Program Files\heroku\bin;C:\Program Files\MongoDB\Server\5.0\bin;C:\Users\DeLL\AppData\Roaming\npm;C:\Program Files\JetBrains\IntelliJ IDEA Community Edition 2022.2.1\bin;;C:\MinGW\bin;
USERNAME=DeLL
OS=Windows_NT
PROCESSOR_IDENTIFIER=Intel64 Family 6 Model 142 Stepping 12, GenuineIntel



---------------  S Y S T E M  ---------------

OS: Windows 11 , 64 bit Build 22000 (10.0.22000.1516)
OS uptime: 21 days 5:25 hours

CPU:total 8 (initial active 8) (4 cores per cpu, 2 threads per core) family 6 model 142 stepping 12 microcode 0xf0, cmov, cx8, fxsr, mmx, sse, sse2, sse3, ssse3, sse4.1, sse4.2, popcnt, avx, avx2, aes, clmul, erms, 3dnowpref, lzcnt, ht, tsc, tscinvbit, bmi1, bmi2, adx, fma

Memory: 4k page, system-wide physical 3971M (168M free)
TotalPageFile size 10115M (AvailPageFile size 0M)
current process WorkingSet (physical memory assigned to process): 446M, peak: 455M
current process commit charge ("private bytes"): 559M, peak: 560M

vm_info: OpenJDK 64-Bit Server VM (11.0.15+0-b2043.56-9505619) for windows-amd64 JRE (11.0.15+0-b2043.56-9505619), built on Jan 19 2023 02:48:00 by "builduser" with unknown MS VC++:1929

END.
